          
                      
  _____  ____ _____ ____  __  __ 
 |  __ \|  _ \_   _|  _ \|  \/  |       --..,_                     _,.--.       
 | |__) | |_) || | | |_) | \  / |          `'.'.                .'`__ o  `;__.  
 |  _  /|  _ < | | |  _ <| |\/| |             '.'.            .'.'`  '---'`  ` 
 | | \ \| |_) || |_| |_) | |  | |              '.`'--....--'`.'            
 |_|  \_\____/_____|____/|_|  |_|                `'--....--'`         

 
                                           

['/mnt/qb/work/macke/mgloeckler90/miniconda3/envs/rbi_camera_ready/bin/rbibm', '+experiment=train_pyloric_fisher']
          
                      
  _____  ____ _____ ____  __  __ 
 |  __ \|  _ \_   _|  _ \|  \/  |       --..,_                     _,.--.       
 | |__) | |_) || | | |_) | \  / |          `'.'.                .'`__ o  `;__.  
 |  _  /|  _ < | | |  _ <| |\/| |             '.'.            .'.'`  '---'`  ` 
 | | \ \| |_) || |_| |_) | |  | |              '.`'--....--'`.'            
 |_|  \_\____/_____|____/|_|  |_|                `'--....--'`         

 
                                           

['/mnt/qb/work/macke/mgloeckler90/miniconda3/envs/rbi_camera_ready/bin/rbibm', '+experiment=train_pyloric']
[2023-05-09 17:30:46,496][HYDRA] Submitit 'slurm' sweep output dir : /mnt/qb/macke/mgloeckler90/RBI_paper_final/outputs/2023-05-09/17-30-45
[2023-05-09 17:30:46,500][HYDRA] 	#0 : model=maf_pyro model.params.hidden_dims=[200,200,200] model.params.num_transforms=3 model/embedding_net=pyloric task=pyloric train.N_train=750000 train.N_val=4096 train.N_test=10000 train=fKL run_eval=False +experiment=train_pyloric
[2023-05-09 17:30:47,253][HYDRA] Submitit 'slurm' sweep output dir : /mnt/qb/macke/mgloeckler90/RBI_paper_final/outputs/2023-05-09/17-30-45
[2023-05-09 17:30:47,256][HYDRA] 	#0 : model=maf_pyro model.params.hidden_dims=[200,200,200] model.params.num_transforms=3 model/embedding_net=pyloric task=pyloric train.N_train=750000 train.N_val=4096 train.N_test=10000 train=fKL defense=fisher_trace defense.params.beta=80.0 defense.params.ema_mc_samples=1 defense.params.grad_clamp_val=1000.0 run_eval=False +experiment=train_pyloric_fisher
[2023-05-09 17:30:47,263][HYDRA] 	#1 : model=maf_pyro model.params.hidden_dims=[200,200,200] model.params.num_transforms=3 model/embedding_net=pyloric task=pyloric train.N_train=750000 train.N_val=4096 train.N_test=10000 train=fKL defense=fisher_trace defense.params.beta=100.0 defense.params.ema_mc_samples=1 defense.params.grad_clamp_val=1000.0 run_eval=False +experiment=train_pyloric_fisher
[2023-05-09 17:30:47,269][HYDRA] 	#2 : model=maf_pyro model.params.hidden_dims=[200,200,200] model.params.num_transforms=3 model/embedding_net=pyloric task=pyloric train.N_train=750000 train.N_val=4096 train.N_test=10000 train=fKL defense=fisher_trace defense.params.beta=120.0 defense.params.ema_mc_samples=1 defense.params.grad_clamp_val=1000.0 run_eval=False +experiment=train_pyloric_fisher
/mnt/qb/home/macke/mgloeckler90/robustness_ai/src/rbibm/config/experiment/train_pyloric.yaml
{'name': 'pyloric', 'defaults': [{'override /partition': 'cuda'}], 'hydra': {'mode': 'MULTIRUN', 'sweeper': {'params': {'model': 'maf_pyro', 'model.params.hidden_dims': [200, 200, 200], 'model.params.num_transforms': 3, 'model/embedding_net': 'pyloric', 'task': 'pyloric', 'train.N_train': 750000, 'train.N_val': 4096, 'train.N_test': 10000, 'train': 'fKL', 'run_eval': False}}}}
/mnt/qb/home/macke/mgloeckler90/robustness_ai/src/rbibm/config/experiment/train_pyloric_fisher.yaml
{'name': 'pyloric', 'defaults': [{'override /partition': 'cuda'}], 'hydra': {'mode': 'MULTIRUN', 'sweeper': {'params': {'model': 'maf_pyro', 'model.params.hidden_dims': [200, 200, 200], 'model.params.num_transforms': 3, 'model/embedding_net': 'pyloric', 'task': 'pyloric', 'train.N_train': 750000, 'train.N_val': 4096, 'train.N_test': 10000, 'train': 'fKL', 'defense': 'fisher_trace', 'defense.params.beta': '80.,100., 120.', 'defense.params.ema_mc_samples': 1, 'defense.params.grad_clamp_val': 1000.0, 'run_eval': False}}}}
          
                      
  _____  ____ _____ ____  __  __ 
 |  __ \|  _ \_   _|  _ \|  \/  |       --..,_                     _,.--.       
 | |__) | |_) || | | |_) | \  / |          `'.'.                .'`__ o  `;__.  
 |  _  /|  _ < | | |  _ <| |\/| |             '.'.            .'.'`  '---'`  ` 
 | | \ \| |_) || |_| |_) | |  | |              '.`'--....--'`.'            
 |_|  \_\____/_____|____/|_|  |_|                `'--....--'`         

 
                                           

['/mnt/qb/work/macke/mgloeckler90/miniconda3/envs/rbi_camera_ready/bin/rbibm', '+experiment=eval_l2_pyloric']
[2023-05-10 00:06:40,057][HYDRA] Submitit 'slurm' sweep output dir : /mnt/qb/macke/mgloeckler90/RBI_paper_final/outputs/2023-05-10/00-06-24
[2023-05-10 00:06:40,065][HYDRA] 	#0 : run_train=False idx=0 eval_rob/metric=rKL eval_rob/attack=l2pgd eval_rob.eps=[0.1,0.2,0.3,0.5,1.0,2.0] eval_approx/metric=coverage eval_approx.metric.coverage.params.mc_samples=5000 eval_approx.metric.coverage.params.batch_size=50 +experiment=eval_l2_pyloric
[2023-05-10 00:06:40,071][HYDRA] 	#1 : run_train=False idx=0 eval_rob/metric=rKL eval_rob/attack=l2noise eval_rob.eps=[0.1,0.2,0.3,0.5,1.0,2.0] eval_approx/metric=coverage eval_approx.metric.coverage.params.mc_samples=5000 eval_approx.metric.coverage.params.batch_size=50 +experiment=eval_l2_pyloric
[2023-05-10 00:06:40,077][HYDRA] 	#2 : run_train=False idx=1 eval_rob/metric=rKL eval_rob/attack=l2pgd eval_rob.eps=[0.1,0.2,0.3,0.5,1.0,2.0] eval_approx/metric=coverage eval_approx.metric.coverage.params.mc_samples=5000 eval_approx.metric.coverage.params.batch_size=50 +experiment=eval_l2_pyloric
[2023-05-10 00:06:40,083][HYDRA] 	#3 : run_train=False idx=1 eval_rob/metric=rKL eval_rob/attack=l2noise eval_rob.eps=[0.1,0.2,0.3,0.5,1.0,2.0] eval_approx/metric=coverage eval_approx.metric.coverage.params.mc_samples=5000 eval_approx.metric.coverage.params.batch_size=50 +experiment=eval_l2_pyloric
[2023-05-10 00:06:40,089][HYDRA] 	#4 : run_train=False idx=2 eval_rob/metric=rKL eval_rob/attack=l2pgd eval_rob.eps=[0.1,0.2,0.3,0.5,1.0,2.0] eval_approx/metric=coverage eval_approx.metric.coverage.params.mc_samples=5000 eval_approx.metric.coverage.params.batch_size=50 +experiment=eval_l2_pyloric
[2023-05-10 00:06:40,096][HYDRA] 	#5 : run_train=False idx=2 eval_rob/metric=rKL eval_rob/attack=l2noise eval_rob.eps=[0.1,0.2,0.3,0.5,1.0,2.0] eval_approx/metric=coverage eval_approx.metric.coverage.params.mc_samples=5000 eval_approx.metric.coverage.params.batch_size=50 +experiment=eval_l2_pyloric
[2023-05-10 00:06:40,101][HYDRA] 	#6 : run_train=False idx=3 eval_rob/metric=rKL eval_rob/attack=l2pgd eval_rob.eps=[0.1,0.2,0.3,0.5,1.0,2.0] eval_approx/metric=coverage eval_approx.metric.coverage.params.mc_samples=5000 eval_approx.metric.coverage.params.batch_size=50 +experiment=eval_l2_pyloric
[2023-05-10 00:06:40,107][HYDRA] 	#7 : run_train=False idx=3 eval_rob/metric=rKL eval_rob/attack=l2noise eval_rob.eps=[0.1,0.2,0.3,0.5,1.0,2.0] eval_approx/metric=coverage eval_approx.metric.coverage.params.mc_samples=5000 eval_approx.metric.coverage.params.batch_size=50 +experiment=eval_l2_pyloric
[2023-05-10 00:06:40,113][HYDRA] 	#8 : run_train=False idx=4 eval_rob/metric=rKL eval_rob/attack=l2pgd eval_rob.eps=[0.1,0.2,0.3,0.5,1.0,2.0] eval_approx/metric=coverage eval_approx.metric.coverage.params.mc_samples=5000 eval_approx.metric.coverage.params.batch_size=50 +experiment=eval_l2_pyloric
[2023-05-10 00:06:40,119][HYDRA] 	#9 : run_train=False idx=4 eval_rob/metric=rKL eval_rob/attack=l2noise eval_rob.eps=[0.1,0.2,0.3,0.5,1.0,2.0] eval_approx/metric=coverage eval_approx.metric.coverage.params.mc_samples=5000 eval_approx.metric.coverage.params.batch_size=50 +experiment=eval_l2_pyloric
[2023-05-10 00:06:40,125][HYDRA] 	#10 : run_train=False idx=5 eval_rob/metric=rKL eval_rob/attack=l2pgd eval_rob.eps=[0.1,0.2,0.3,0.5,1.0,2.0] eval_approx/metric=coverage eval_approx.metric.coverage.params.mc_samples=5000 eval_approx.metric.coverage.params.batch_size=50 +experiment=eval_l2_pyloric
[2023-05-10 00:06:40,130][HYDRA] 	#11 : run_train=False idx=5 eval_rob/metric=rKL eval_rob/attack=l2noise eval_rob.eps=[0.1,0.2,0.3,0.5,1.0,2.0] eval_approx/metric=coverage eval_approx.metric.coverage.params.mc_samples=5000 eval_approx.metric.coverage.params.batch_size=50 +experiment=eval_l2_pyloric
[2023-05-10 00:06:40,137][HYDRA] 	#12 : run_train=False idx=6 eval_rob/metric=rKL eval_rob/attack=l2pgd eval_rob.eps=[0.1,0.2,0.3,0.5,1.0,2.0] eval_approx/metric=coverage eval_approx.metric.coverage.params.mc_samples=5000 eval_approx.metric.coverage.params.batch_size=50 +experiment=eval_l2_pyloric
[2023-05-10 00:06:40,143][HYDRA] 	#13 : run_train=False idx=6 eval_rob/metric=rKL eval_rob/attack=l2noise eval_rob.eps=[0.1,0.2,0.3,0.5,1.0,2.0] eval_approx/metric=coverage eval_approx.metric.coverage.params.mc_samples=5000 eval_approx.metric.coverage.params.batch_size=50 +experiment=eval_l2_pyloric
Error executing job with overrides: ['run_train=False', 'idx=4', 'eval_rob/metric=rKL', 'eval_rob/attack=l2pgd', 'eval_rob.eps=[0.1,0.2,0.3,0.5,1.0,2.0]', 'eval_approx/metric=coverage', 'eval_approx.metric.coverage.params.mc_samples=5000', 'eval_approx.metric.coverage.params.batch_size=50', '+experiment=eval_l2_pyloric']
Traceback (most recent call last):
  File "/mnt/qb/work/macke/mgloeckler90/miniconda3/envs/rbi_camera_ready/lib/python3.9/site-packages/hydra/_internal/utils.py", line 220, in run_and_report
    return func()
  File "/mnt/qb/work/macke/mgloeckler90/miniconda3/envs/rbi_camera_ready/lib/python3.9/site-packages/hydra/_internal/utils.py", line 466, in <lambda>
    lambda: hydra.multirun(
  File "/mnt/qb/work/macke/mgloeckler90/miniconda3/envs/rbi_camera_ready/lib/python3.9/site-packages/hydra/_internal/hydra.py", line 162, in multirun
    ret = sweeper.sweep(arguments=task_overrides)
  File "/mnt/qb/work/macke/mgloeckler90/miniconda3/envs/rbi_camera_ready/lib/python3.9/site-packages/hydra/_internal/core_plugins/basic_sweeper.py", line 181, in sweep
    _ = r.return_value
  File "/mnt/qb/work/macke/mgloeckler90/miniconda3/envs/rbi_camera_ready/lib/python3.9/site-packages/hydra/core/utils.py", line 260, in return_value
    raise self._return_value
IndexError: single positional indexer is out-of-bounds
