          
                      
  _____  ____ _____ ____  __  __ 
 |  __ \|  _ \_   _|  _ \|  \/  |       --..,_                     _,.--.       
 | |__) | |_) || | | |_) | \  / |          `'.'.                .'`__ o  `;__.  
 |  _  /|  _ < | | |  _ <| |\/| |             '.'.            .'.'`  '---'`  ` 
 | | \ \| |_) || |_| |_) | |  | |              '.`'--....--'`.'            
 |_|  \_\____/_____|____/|_|  |_|                `'--....--'`         

 
                                           

['/mnt/qb/work/macke/mgloeckler90/miniconda3/envs/rbi_camera_ready/bin/rbibm', '+experiment=sweep_spatial_sir']
/mnt/qb/work/macke/mgloeckler90/miniconda3/envs/rbi_camera_ready/lib/python3.9/site-packages/hydra/_internal/instantiate/_instantiate2.py:92: FutureWarning: MOTPESampler has been deprecated in v2.9.0. This feature will be removed in v4.0.0. See https://github.com/optuna/optuna/releases/tag/v2.9.0.
  return _target_(*args, **kwargs)
[32m[I 2023-05-07 14:11:11,449][0m A new study created in memory with name: rbibm_sweep_multi_objective[0m
[2023-05-07 14:11:11,449][HYDRA] Study name: rbibm_sweep_multi_objective
[2023-05-07 14:11:11,449][HYDRA] Storage: None
[2023-05-07 14:11:11,450][HYDRA] Sampler: MOTPESampler
[2023-05-07 14:11:11,450][HYDRA] Directions: ['minimize', 'minimize']
[2023-05-07 14:11:11,872][HYDRA] Submitit 'slurm' sweep output dir : /mnt/qb/macke/mgloeckler90/RBI_paper_final/outputs/2023-05-07/14-11-09
[2023-05-07 14:11:11,879][HYDRA] 	#0 : defense.params.beta=10.976270123665143 defense=fisher_trace task=spatial_sir eval_rob.eps=2.0 model=maf_pyro model/embedding_net=mlp train.N_train=100000 train.N_test=10000 run_eval_approx=False sweeper.objective=['rob_value','test_loss'] +experiment=sweep_spatial_sir
[2023-05-07 14:11:11,885][HYDRA] 	#1 : defense.params.beta=14.303787355929451 defense=fisher_trace task=spatial_sir eval_rob.eps=2.0 model=maf_pyro model/embedding_net=mlp train.N_train=100000 train.N_test=10000 run_eval_approx=False sweeper.objective=['rob_value','test_loss'] +experiment=sweep_spatial_sir
[2023-05-07 14:11:11,891][HYDRA] 	#2 : defense.params.beta=12.055267561156539 defense=fisher_trace task=spatial_sir eval_rob.eps=2.0 model=maf_pyro model/embedding_net=mlp train.N_train=100000 train.N_test=10000 run_eval_approx=False sweeper.objective=['rob_value','test_loss'] +experiment=sweep_spatial_sir
[2023-05-07 14:11:11,898][HYDRA] 	#3 : defense.params.beta=10.897663705449618 defense=fisher_trace task=spatial_sir eval_rob.eps=2.0 model=maf_pyro model/embedding_net=mlp train.N_train=100000 train.N_test=10000 run_eval_approx=False sweeper.objective=['rob_value','test_loss'] +experiment=sweep_spatial_sir
[2023-05-07 14:11:11,904][HYDRA] 	#4 : defense.params.beta=8.473096044412614 defense=fisher_trace task=spatial_sir eval_rob.eps=2.0 model=maf_pyro model/embedding_net=mlp train.N_train=100000 train.N_test=10000 run_eval_approx=False sweeper.objective=['rob_value','test_loss'] +experiment=sweep_spatial_sir
[2023-05-07 14:11:11,910][HYDRA] 	#5 : defense.params.beta=12.91788229674371 defense=fisher_trace task=spatial_sir eval_rob.eps=2.0 model=maf_pyro model/embedding_net=mlp train.N_train=100000 train.N_test=10000 run_eval_approx=False sweeper.objective=['rob_value','test_loss'] +experiment=sweep_spatial_sir
[2023-05-07 14:11:11,916][HYDRA] 	#6 : defense.params.beta=8.751744281495128 defense=fisher_trace task=spatial_sir eval_rob.eps=2.0 model=maf_pyro model/embedding_net=mlp train.N_train=100000 train.N_test=10000 run_eval_approx=False sweeper.objective=['rob_value','test_loss'] +experiment=sweep_spatial_sir
[2023-05-07 14:11:11,924][HYDRA] 	#7 : defense.params.beta=17.835460026464297 defense=fisher_trace task=spatial_sir eval_rob.eps=2.0 model=maf_pyro model/embedding_net=mlp train.N_train=100000 train.N_test=10000 run_eval_approx=False sweeper.objective=['rob_value','test_loss'] +experiment=sweep_spatial_sir
[2023-05-07 14:11:11,930][HYDRA] 	#8 : defense.params.beta=19.27325521365431 defense=fisher_trace task=spatial_sir eval_rob.eps=2.0 model=maf_pyro model/embedding_net=mlp train.N_train=100000 train.N_test=10000 run_eval_approx=False sweeper.objective=['rob_value','test_loss'] +experiment=sweep_spatial_sir
[2023-05-07 14:11:11,937][HYDRA] 	#9 : defense.params.beta=7.668830438171402 defense=fisher_trace task=spatial_sir eval_rob.eps=2.0 model=maf_pyro model/embedding_net=mlp train.N_train=100000 train.N_test=10000 run_eval_approx=False sweeper.objective=['rob_value','test_loss'] +experiment=sweep_spatial_sir
[2023-05-07 14:11:11,943][HYDRA] 	#10 : defense.params.beta=15.834500782480786 defense=fisher_trace task=spatial_sir eval_rob.eps=2.0 model=maf_pyro model/embedding_net=mlp train.N_train=100000 train.N_test=10000 run_eval_approx=False sweeper.objective=['rob_value','test_loss'] +experiment=sweep_spatial_sir
[2023-05-07 14:11:11,949][HYDRA] 	#11 : defense.params.beta=10.577898442168596 defense=fisher_trace task=spatial_sir eval_rob.eps=2.0 model=maf_pyro model/embedding_net=mlp train.N_train=100000 train.N_test=10000 run_eval_approx=False sweeper.objective=['rob_value','test_loss'] +experiment=sweep_spatial_sir
[2023-05-07 14:11:11,955][HYDRA] 	#12 : defense.params.beta=11.360891265074189 defense=fisher_trace task=spatial_sir eval_rob.eps=2.0 model=maf_pyro model/embedding_net=mlp train.N_train=100000 train.N_test=10000 run_eval_approx=False sweeper.objective=['rob_value','test_loss'] +experiment=sweep_spatial_sir
[2023-05-07 14:11:11,961][HYDRA] 	#13 : defense.params.beta=18.511932773293555 defense=fisher_trace task=spatial_sir eval_rob.eps=2.0 model=maf_pyro model/embedding_net=mlp train.N_train=100000 train.N_test=10000 run_eval_approx=False sweeper.objective=['rob_value','test_loss'] +experiment=sweep_spatial_sir
[2023-05-07 14:11:11,967][HYDRA] 	#14 : defense.params.beta=1.420721256854133 defense=fisher_trace task=spatial_sir eval_rob.eps=2.0 model=maf_pyro model/embedding_net=mlp train.N_train=100000 train.N_test=10000 run_eval_approx=False sweeper.objective=['rob_value','test_loss'] +experiment=sweep_spatial_sir
[2023-05-07 14:11:11,973][HYDRA] 	#15 : defense.params.beta=1.742586085317884 defense=fisher_trace task=spatial_sir eval_rob.eps=2.0 model=maf_pyro model/embedding_net=mlp train.N_train=100000 train.N_test=10000 run_eval_approx=False sweeper.objective=['rob_value','test_loss'] +experiment=sweep_spatial_sir
[2023-05-07 14:11:11,980][HYDRA] 	#16 : defense.params.beta=0.40436804678467464 defense=fisher_trace task=spatial_sir eval_rob.eps=2.0 model=maf_pyro model/embedding_net=mlp train.N_train=100000 train.N_test=10000 run_eval_approx=False sweeper.objective=['rob_value','test_loss'] +experiment=sweep_spatial_sir
[2023-05-07 14:11:11,985][HYDRA] 	#17 : defense.params.beta=16.652396927696774 defense=fisher_trace task=spatial_sir eval_rob.eps=2.0 model=maf_pyro model/embedding_net=mlp train.N_train=100000 train.N_test=10000 run_eval_approx=False sweeper.objective=['rob_value','test_loss'] +experiment=sweep_spatial_sir
[2023-05-07 14:11:11,991][HYDRA] 	#18 : defense.params.beta=15.563135041181333 defense=fisher_trace task=spatial_sir eval_rob.eps=2.0 model=maf_pyro model/embedding_net=mlp train.N_train=100000 train.N_test=10000 run_eval_approx=False sweeper.objective=['rob_value','test_loss'] +experiment=sweep_spatial_sir
[2023-05-07 14:11:11,997][HYDRA] 	#19 : defense.params.beta=17.400242977935168 defense=fisher_trace task=spatial_sir eval_rob.eps=2.0 model=maf_pyro model/embedding_net=mlp train.N_train=100000 train.N_test=10000 run_eval_approx=False sweeper.objective=['rob_value','test_loss'] +experiment=sweep_spatial_sir
[2023-05-07 14:30:07,109][HYDRA] Submitit 'slurm' sweep output dir : /mnt/qb/macke/mgloeckler90/RBI_paper_final/outputs/2023-05-07/14-11-09
[2023-05-07 14:30:07,125][HYDRA] 	#20 : defense.params.beta=19.572366846793447 defense=fisher_trace task=spatial_sir eval_rob.eps=2.0 model=maf_pyro model/embedding_net=mlp train.N_train=100000 train.N_test=10000 run_eval_approx=False sweeper.objective=['rob_value','test_loss'] +experiment=sweep_spatial_sir
[2023-05-07 14:30:07,131][HYDRA] 	#21 : defense.params.beta=15.983171304418613 defense=fisher_trace task=spatial_sir eval_rob.eps=2.0 model=maf_pyro model/embedding_net=mlp train.N_train=100000 train.N_test=10000 run_eval_approx=False sweeper.objective=['rob_value','test_loss'] +experiment=sweep_spatial_sir
[2023-05-07 14:30:07,138][HYDRA] 	#22 : defense.params.beta=9.2295872989107 defense=fisher_trace task=spatial_sir eval_rob.eps=2.0 model=maf_pyro model/embedding_net=mlp train.N_train=100000 train.N_test=10000 run_eval_approx=False sweeper.objective=['rob_value','test_loss'] +experiment=sweep_spatial_sir
[2023-05-07 14:30:07,144][HYDRA] 	#23 : defense.params.beta=15.61058354767619 defense=fisher_trace task=spatial_sir eval_rob.eps=2.0 model=maf_pyro model/embedding_net=mlp train.N_train=100000 train.N_test=10000 run_eval_approx=False sweeper.objective=['rob_value','test_loss'] +experiment=sweep_spatial_sir
[2023-05-07 14:30:07,150][HYDRA] 	#24 : defense.params.beta=2.3654886055512216 defense=fisher_trace task=spatial_sir eval_rob.eps=2.0 model=maf_pyro model/embedding_net=mlp train.N_train=100000 train.N_test=10000 run_eval_approx=False sweeper.objective=['rob_value','test_loss'] +experiment=sweep_spatial_sir
[2023-05-07 14:30:07,156][HYDRA] 	#25 : defense.params.beta=12.798420462558372 defense=fisher_trace task=spatial_sir eval_rob.eps=2.0 model=maf_pyro model/embedding_net=mlp train.N_train=100000 train.N_test=10000 run_eval_approx=False sweeper.objective=['rob_value','test_loss'] +experiment=sweep_spatial_sir
[2023-05-07 14:30:07,162][HYDRA] 	#26 : defense.params.beta=2.867065833845599 defense=fisher_trace task=spatial_sir eval_rob.eps=2.0 model=maf_pyro model/embedding_net=mlp train.N_train=100000 train.N_test=10000 run_eval_approx=False sweeper.objective=['rob_value','test_loss'] +experiment=sweep_spatial_sir
[2023-05-07 14:30:07,168][HYDRA] 	#27 : defense.params.beta=18.893378346524788 defense=fisher_trace task=spatial_sir eval_rob.eps=2.0 model=maf_pyro model/embedding_net=mlp train.N_train=100000 train.N_test=10000 run_eval_approx=False sweeper.objective=['rob_value','test_loss'] +experiment=sweep_spatial_sir
[2023-05-07 14:30:07,174][HYDRA] 	#28 : defense.params.beta=10.4369664828166 defense=fisher_trace task=spatial_sir eval_rob.eps=2.0 model=maf_pyro model/embedding_net=mlp train.N_train=100000 train.N_test=10000 run_eval_approx=False sweeper.objective=['rob_value','test_loss'] +experiment=sweep_spatial_sir
[2023-05-07 14:30:07,180][HYDRA] 	#29 : defense.params.beta=8.293238858344276 defense=fisher_trace task=spatial_sir eval_rob.eps=2.0 model=maf_pyro model/embedding_net=mlp train.N_train=100000 train.N_test=10000 run_eval_approx=False sweeper.objective=['rob_value','test_loss'] +experiment=sweep_spatial_sir
[2023-05-07 14:30:07,186][HYDRA] 	#30 : defense.params.beta=5.291112315636978 defense=fisher_trace task=spatial_sir eval_rob.eps=2.0 model=maf_pyro model/embedding_net=mlp train.N_train=100000 train.N_test=10000 run_eval_approx=False sweeper.objective=['rob_value','test_loss'] +experiment=sweep_spatial_sir
[2023-05-07 14:30:07,191][HYDRA] 	#31 : defense.params.beta=15.484673811260963 defense=fisher_trace task=spatial_sir eval_rob.eps=2.0 model=maf_pyro model/embedding_net=mlp train.N_train=100000 train.N_test=10000 run_eval_approx=False sweeper.objective=['rob_value','test_loss'] +experiment=sweep_spatial_sir
[2023-05-07 14:30:07,197][HYDRA] 	#32 : defense.params.beta=9.123006698715937 defense=fisher_trace task=spatial_sir eval_rob.eps=2.0 model=maf_pyro model/embedding_net=mlp train.N_train=100000 train.N_test=10000 run_eval_approx=False sweeper.objective=['rob_value','test_loss'] +experiment=sweep_spatial_sir
[2023-05-07 14:30:07,204][HYDRA] 	#33 : defense.params.beta=11.368679020529575 defense=fisher_trace task=spatial_sir eval_rob.eps=2.0 model=maf_pyro model/embedding_net=mlp train.N_train=100000 train.N_test=10000 run_eval_approx=False sweeper.objective=['rob_value','test_loss'] +experiment=sweep_spatial_sir
[2023-05-07 14:30:07,210][HYDRA] 	#34 : defense.params.beta=0.37579610684812276 defense=fisher_trace task=spatial_sir eval_rob.eps=2.0 model=maf_pyro model/embedding_net=mlp train.N_train=100000 train.N_test=10000 run_eval_approx=False sweeper.objective=['rob_value','test_loss'] +experiment=sweep_spatial_sir
[2023-05-07 14:30:07,216][HYDRA] 	#35 : defense.params.beta=12.35270997975399 defense=fisher_trace task=spatial_sir eval_rob.eps=2.0 model=maf_pyro model/embedding_net=mlp train.N_train=100000 train.N_test=10000 run_eval_approx=False sweeper.objective=['rob_value','test_loss'] +experiment=sweep_spatial_sir
[2023-05-07 14:30:07,222][HYDRA] 	#36 : defense.params.beta=12.241914493238854 defense=fisher_trace task=spatial_sir eval_rob.eps=2.0 model=maf_pyro model/embedding_net=mlp train.N_train=100000 train.N_test=10000 run_eval_approx=False sweeper.objective=['rob_value','test_loss'] +experiment=sweep_spatial_sir
[2023-05-07 14:30:07,228][HYDRA] 	#37 : defense.params.beta=12.338679975801737 defense=fisher_trace task=spatial_sir eval_rob.eps=2.0 model=maf_pyro model/embedding_net=mlp train.N_train=100000 train.N_test=10000 run_eval_approx=False sweeper.objective=['rob_value','test_loss'] +experiment=sweep_spatial_sir
[2023-05-07 14:30:07,234][HYDRA] 	#38 : defense.params.beta=18.874961575917677 defense=fisher_trace task=spatial_sir eval_rob.eps=2.0 model=maf_pyro model/embedding_net=mlp train.N_train=100000 train.N_test=10000 run_eval_approx=False sweeper.objective=['rob_value','test_loss'] +experiment=sweep_spatial_sir
[2023-05-07 14:30:07,240][HYDRA] 	#39 : defense.params.beta=13.636406013887637 defense=fisher_trace task=spatial_sir eval_rob.eps=2.0 model=maf_pyro model/embedding_net=mlp train.N_train=100000 train.N_test=10000 run_eval_approx=False sweeper.objective=['rob_value','test_loss'] +experiment=sweep_spatial_sir
[2023-05-07 15:48:52,187][HYDRA] Submitit 'slurm' sweep output dir : /mnt/qb/macke/mgloeckler90/RBI_paper_final/outputs/2023-05-07/14-11-09
[2023-05-07 15:48:52,192][HYDRA] 	#40 : defense.params.beta=7.19015807552493 defense=fisher_trace task=spatial_sir eval_rob.eps=2.0 model=maf_pyro model/embedding_net=mlp train.N_train=100000 train.N_test=10000 run_eval_approx=False sweeper.objective=['rob_value','test_loss'] +experiment=sweep_spatial_sir
[2023-05-07 15:48:52,200][HYDRA] 	#41 : defense.params.beta=8.740639132283633 defense=fisher_trace task=spatial_sir eval_rob.eps=2.0 model=maf_pyro model/embedding_net=mlp train.N_train=100000 train.N_test=10000 run_eval_approx=False sweeper.objective=['rob_value','test_loss'] +experiment=sweep_spatial_sir
[2023-05-07 15:48:52,207][HYDRA] 	#42 : defense.params.beta=13.952623948782175 defense=fisher_trace task=spatial_sir eval_rob.eps=2.0 model=maf_pyro model/embedding_net=mlp train.N_train=100000 train.N_test=10000 run_eval_approx=False sweeper.objective=['rob_value','test_loss'] +experiment=sweep_spatial_sir
[2023-05-07 15:48:52,213][HYDRA] 	#43 : defense.params.beta=1.2045095265628496 defense=fisher_trace task=spatial_sir eval_rob.eps=2.0 model=maf_pyro model/embedding_net=mlp train.N_train=100000 train.N_test=10000 run_eval_approx=False sweeper.objective=['rob_value','test_loss'] +experiment=sweep_spatial_sir
[2023-05-07 15:48:52,221][HYDRA] 	#44 : defense.params.beta=13.335334342236681 defense=fisher_trace task=spatial_sir eval_rob.eps=2.0 model=maf_pyro model/embedding_net=mlp train.N_train=100000 train.N_test=10000 run_eval_approx=False sweeper.objective=['rob_value','test_loss'] +experiment=sweep_spatial_sir
[2023-05-07 15:48:52,227][HYDRA] 	#45 : defense.params.beta=13.4127574252994 defense=fisher_trace task=spatial_sir eval_rob.eps=2.0 model=maf_pyro model/embedding_net=mlp train.N_train=100000 train.N_test=10000 run_eval_approx=False sweeper.objective=['rob_value','test_loss'] +experiment=sweep_spatial_sir
[2023-05-07 15:48:52,233][HYDRA] 	#46 : defense.params.beta=4.207651300438562 defense=fisher_trace task=spatial_sir eval_rob.eps=2.0 model=maf_pyro model/embedding_net=mlp train.N_train=100000 train.N_test=10000 run_eval_approx=False sweeper.objective=['rob_value','test_loss'] +experiment=sweep_spatial_sir
[2023-05-07 15:48:52,239][HYDRA] 	#47 : defense.params.beta=2.578526040204436 defense=fisher_trace task=spatial_sir eval_rob.eps=2.0 model=maf_pyro model/embedding_net=mlp train.N_train=100000 train.N_test=10000 run_eval_approx=False sweeper.objective=['rob_value','test_loss'] +experiment=sweep_spatial_sir
[2023-05-07 15:48:52,246][HYDRA] 	#48 : defense.params.beta=6.308567086940842 defense=fisher_trace task=spatial_sir eval_rob.eps=2.0 model=maf_pyro model/embedding_net=mlp train.N_train=100000 train.N_test=10000 run_eval_approx=False sweeper.objective=['rob_value','test_loss'] +experiment=sweep_spatial_sir
[2023-05-07 15:48:52,253][HYDRA] 	#49 : defense.params.beta=7.274215482481375 defense=fisher_trace task=spatial_sir eval_rob.eps=2.0 model=maf_pyro model/embedding_net=mlp train.N_train=100000 train.N_test=10000 run_eval_approx=False sweeper.objective=['rob_value','test_loss'] +experiment=sweep_spatial_sir
[2023-05-07 15:48:52,260][HYDRA] 	#50 : defense.params.beta=11.403935451337915 defense=fisher_trace task=spatial_sir eval_rob.eps=2.0 model=maf_pyro model/embedding_net=mlp train.N_train=100000 train.N_test=10000 run_eval_approx=False sweeper.objective=['rob_value','test_loss'] +experiment=sweep_spatial_sir
[2023-05-07 15:48:52,573][HYDRA] 	#51 : defense.params.beta=8.772030325386254 defense=fisher_trace task=spatial_sir eval_rob.eps=2.0 model=maf_pyro model/embedding_net=mlp train.N_train=100000 train.N_test=10000 run_eval_approx=False sweeper.objective=['rob_value','test_loss'] +experiment=sweep_spatial_sir
[2023-05-07 15:48:52,579][HYDRA] 	#52 : defense.params.beta=19.76747676234714 defense=fisher_trace task=spatial_sir eval_rob.eps=2.0 model=maf_pyro model/embedding_net=mlp train.N_train=100000 train.N_test=10000 run_eval_approx=False sweeper.objective=['rob_value','test_loss'] +experiment=sweep_spatial_sir
[2023-05-07 15:48:52,585][HYDRA] 	#53 : defense.params.beta=2.04089630475608 defense=fisher_trace task=spatial_sir eval_rob.eps=2.0 model=maf_pyro model/embedding_net=mlp train.N_train=100000 train.N_test=10000 run_eval_approx=False sweeper.objective=['rob_value','test_loss'] +experiment=sweep_spatial_sir
[2023-05-07 15:48:52,592][HYDRA] 	#54 : defense.params.beta=4.177535201009018 defense=fisher_trace task=spatial_sir eval_rob.eps=2.0 model=maf_pyro model/embedding_net=mlp train.N_train=100000 train.N_test=10000 run_eval_approx=False sweeper.objective=['rob_value','test_loss'] +experiment=sweep_spatial_sir
[2023-05-07 15:48:52,597][HYDRA] 	#55 : defense.params.beta=3.226190441568973 defense=fisher_trace task=spatial_sir eval_rob.eps=2.0 model=maf_pyro model/embedding_net=mlp train.N_train=100000 train.N_test=10000 run_eval_approx=False sweeper.objective=['rob_value','test_loss'] +experiment=sweep_spatial_sir
[2023-05-07 15:48:52,604][HYDRA] 	#56 : defense.params.beta=13.062166543997135 defense=fisher_trace task=spatial_sir eval_rob.eps=2.0 model=maf_pyro model/embedding_net=mlp train.N_train=100000 train.N_test=10000 run_eval_approx=False sweeper.objective=['rob_value','test_loss'] +experiment=sweep_spatial_sir
[2023-05-07 15:48:52,610][HYDRA] 	#57 : defense.params.beta=5.065832125466482 defense=fisher_trace task=spatial_sir eval_rob.eps=2.0 model=maf_pyro model/embedding_net=mlp train.N_train=100000 train.N_test=10000 run_eval_approx=False sweeper.objective=['rob_value','test_loss'] +experiment=sweep_spatial_sir
[2023-05-07 15:48:52,616][HYDRA] 	#58 : defense.params.beta=9.326215510495047 defense=fisher_trace task=spatial_sir eval_rob.eps=2.0 model=maf_pyro model/embedding_net=mlp train.N_train=100000 train.N_test=10000 run_eval_approx=False sweeper.objective=['rob_value','test_loss'] +experiment=sweep_spatial_sir
[2023-05-07 15:48:52,622][HYDRA] 	#59 : defense.params.beta=4.888511915589496 defense=fisher_trace task=spatial_sir eval_rob.eps=2.0 model=maf_pyro model/embedding_net=mlp train.N_train=100000 train.N_test=10000 run_eval_approx=False sweeper.objective=['rob_value','test_loss'] +experiment=sweep_spatial_sir
[2023-05-07 16:45:10,732][HYDRA] Submitit 'slurm' sweep output dir : /mnt/qb/macke/mgloeckler90/RBI_paper_final/outputs/2023-05-07/14-11-09
[2023-05-07 16:45:10,739][HYDRA] 	#60 : defense.params.beta=3.179391757013436 defense=fisher_trace task=spatial_sir eval_rob.eps=2.0 model=maf_pyro model/embedding_net=mlp train.N_train=100000 train.N_test=10000 run_eval_approx=False sweeper.objective=['rob_value','test_loss'] +experiment=sweep_spatial_sir
[2023-05-07 16:45:10,747][HYDRA] 	#61 : defense.params.beta=2.207502912248588 defense=fisher_trace task=spatial_sir eval_rob.eps=2.0 model=maf_pyro model/embedding_net=mlp train.N_train=100000 train.N_test=10000 run_eval_approx=False sweeper.objective=['rob_value','test_loss'] +experiment=sweep_spatial_sir
[2023-05-07 16:45:10,753][HYDRA] 	#62 : defense.params.beta=13.126591823672507 defense=fisher_trace task=spatial_sir eval_rob.eps=2.0 model=maf_pyro model/embedding_net=mlp train.N_train=100000 train.N_test=10000 run_eval_approx=False sweeper.objective=['rob_value','test_loss'] +experiment=sweep_spatial_sir
[2023-05-07 16:45:10,759][HYDRA] 	#63 : defense.params.beta=2.7636591131539805 defense=fisher_trace task=spatial_sir eval_rob.eps=2.0 model=maf_pyro model/embedding_net=mlp train.N_train=100000 train.N_test=10000 run_eval_approx=False sweeper.objective=['rob_value','test_loss'] +experiment=sweep_spatial_sir
[2023-05-07 16:45:10,765][HYDRA] 	#64 : defense.params.beta=3.9316473139428334 defense=fisher_trace task=spatial_sir eval_rob.eps=2.0 model=maf_pyro model/embedding_net=mlp train.N_train=100000 train.N_test=10000 run_eval_approx=False sweeper.objective=['rob_value','test_loss'] +experiment=sweep_spatial_sir
[2023-05-07 16:45:10,771][HYDRA] 	#65 : defense.params.beta=7.3745034763467645 defense=fisher_trace task=spatial_sir eval_rob.eps=2.0 model=maf_pyro model/embedding_net=mlp train.N_train=100000 train.N_test=10000 run_eval_approx=False sweeper.objective=['rob_value','test_loss'] +experiment=sweep_spatial_sir
[2023-05-07 16:45:10,777][HYDRA] 	#66 : defense.params.beta=16.419864614859378 defense=fisher_trace task=spatial_sir eval_rob.eps=2.0 model=maf_pyro model/embedding_net=mlp train.N_train=100000 train.N_test=10000 run_eval_approx=False sweeper.objective=['rob_value','test_loss'] +experiment=sweep_spatial_sir
[2023-05-07 16:45:10,784][HYDRA] 	#67 : defense.params.beta=1.9420256061510979 defense=fisher_trace task=spatial_sir eval_rob.eps=2.0 model=maf_pyro model/embedding_net=mlp train.N_train=100000 train.N_test=10000 run_eval_approx=False sweeper.objective=['rob_value','test_loss'] +experiment=sweep_spatial_sir
[2023-05-07 16:45:10,790][HYDRA] 	#68 : defense.params.beta=16.758898166181588 defense=fisher_trace task=spatial_sir eval_rob.eps=2.0 model=maf_pyro model/embedding_net=mlp train.N_train=100000 train.N_test=10000 run_eval_approx=False sweeper.objective=['rob_value','test_loss'] +experiment=sweep_spatial_sir
[2023-05-07 16:45:10,796][HYDRA] 	#69 : defense.params.beta=1.9219682482694205 defense=fisher_trace task=spatial_sir eval_rob.eps=2.0 model=maf_pyro model/embedding_net=mlp train.N_train=100000 train.N_test=10000 run_eval_approx=False sweeper.objective=['rob_value','test_loss'] +experiment=sweep_spatial_sir
[2023-05-07 16:45:10,802][HYDRA] 	#70 : defense.params.beta=19.52918930262197 defense=fisher_trace task=spatial_sir eval_rob.eps=2.0 model=maf_pyro model/embedding_net=mlp train.N_train=100000 train.N_test=10000 run_eval_approx=False sweeper.objective=['rob_value','test_loss'] +experiment=sweep_spatial_sir
[2023-05-07 16:45:10,808][HYDRA] 	#71 : defense.params.beta=9.37302408608891 defense=fisher_trace task=spatial_sir eval_rob.eps=2.0 model=maf_pyro model/embedding_net=mlp train.N_train=100000 train.N_test=10000 run_eval_approx=False sweeper.objective=['rob_value','test_loss'] +experiment=sweep_spatial_sir
[2023-05-07 16:45:10,814][HYDRA] 	#72 : defense.params.beta=19.535221766130633 defense=fisher_trace task=spatial_sir eval_rob.eps=2.0 model=maf_pyro model/embedding_net=mlp train.N_train=100000 train.N_test=10000 run_eval_approx=False sweeper.objective=['rob_value','test_loss'] +experiment=sweep_spatial_sir
[2023-05-07 16:45:10,820][HYDRA] 	#73 : defense.params.beta=12.096910434416365 defense=fisher_trace task=spatial_sir eval_rob.eps=2.0 model=maf_pyro model/embedding_net=mlp train.N_train=100000 train.N_test=10000 run_eval_approx=False sweeper.objective=['rob_value','test_loss'] +experiment=sweep_spatial_sir
[2023-05-07 16:45:10,827][HYDRA] 	#74 : defense.params.beta=14.785271614039674 defense=fisher_trace task=spatial_sir eval_rob.eps=2.0 model=maf_pyro model/embedding_net=mlp train.N_train=100000 train.N_test=10000 run_eval_approx=False sweeper.objective=['rob_value','test_loss'] +experiment=sweep_spatial_sir
[2023-05-07 16:45:10,833][HYDRA] 	#75 : defense.params.beta=0.7837559411676341 defense=fisher_trace task=spatial_sir eval_rob.eps=2.0 model=maf_pyro model/embedding_net=mlp train.N_train=100000 train.N_test=10000 run_eval_approx=False sweeper.objective=['rob_value','test_loss'] +experiment=sweep_spatial_sir
[2023-05-07 16:45:10,838][HYDRA] 	#76 : defense.params.beta=5.656139323247495 defense=fisher_trace task=spatial_sir eval_rob.eps=2.0 model=maf_pyro model/embedding_net=mlp train.N_train=100000 train.N_test=10000 run_eval_approx=False sweeper.objective=['rob_value','test_loss'] +experiment=sweep_spatial_sir
[2023-05-07 16:45:10,844][HYDRA] 	#77 : defense.params.beta=2.4039313122437216 defense=fisher_trace task=spatial_sir eval_rob.eps=2.0 model=maf_pyro model/embedding_net=mlp train.N_train=100000 train.N_test=10000 run_eval_approx=False sweeper.objective=['rob_value','test_loss'] +experiment=sweep_spatial_sir
[2023-05-07 16:45:10,850][HYDRA] 	#78 : defense.params.beta=5.922804020828879 defense=fisher_trace task=spatial_sir eval_rob.eps=2.0 model=maf_pyro model/embedding_net=mlp train.N_train=100000 train.N_test=10000 run_eval_approx=False sweeper.objective=['rob_value','test_loss'] +experiment=sweep_spatial_sir
[2023-05-07 16:45:10,856][HYDRA] 	#79 : defense.params.beta=2.374554467212109 defense=fisher_trace task=spatial_sir eval_rob.eps=2.0 model=maf_pyro model/embedding_net=mlp train.N_train=100000 train.N_test=10000 run_eval_approx=False sweeper.objective=['rob_value','test_loss'] +experiment=sweep_spatial_sir
[2023-05-07 17:27:02,360][HYDRA] Submitit 'slurm' sweep output dir : /mnt/qb/macke/mgloeckler90/RBI_paper_final/outputs/2023-05-07/14-11-09
[2023-05-07 17:27:02,366][HYDRA] 	#80 : defense.params.beta=6.359663656081202 defense=fisher_trace task=spatial_sir eval_rob.eps=2.0 model=maf_pyro model/embedding_net=mlp train.N_train=100000 train.N_test=10000 run_eval_approx=False sweeper.objective=['rob_value','test_loss'] +experiment=sweep_spatial_sir
[2023-05-07 17:27:02,372][HYDRA] 	#81 : defense.params.beta=8.285259948867099 defense=fisher_trace task=spatial_sir eval_rob.eps=2.0 model=maf_pyro model/embedding_net=mlp train.N_train=100000 train.N_test=10000 run_eval_approx=False sweeper.objective=['rob_value','test_loss'] +experiment=sweep_spatial_sir
[2023-05-07 17:27:02,378][HYDRA] 	#82 : defense.params.beta=1.2829500205609377 defense=fisher_trace task=spatial_sir eval_rob.eps=2.0 model=maf_pyro model/embedding_net=mlp train.N_train=100000 train.N_test=10000 run_eval_approx=False sweeper.objective=['rob_value','test_loss'] +experiment=sweep_spatial_sir
[2023-05-07 17:27:02,385][HYDRA] 	#83 : defense.params.beta=13.849442418153183 defense=fisher_trace task=spatial_sir eval_rob.eps=2.0 model=maf_pyro model/embedding_net=mlp train.N_train=100000 train.N_test=10000 run_eval_approx=False sweeper.objective=['rob_value','test_loss'] +experiment=sweep_spatial_sir
[2023-05-07 17:27:02,392][HYDRA] 	#84 : defense.params.beta=11.332029127471356 defense=fisher_trace task=spatial_sir eval_rob.eps=2.0 model=maf_pyro model/embedding_net=mlp train.N_train=100000 train.N_test=10000 run_eval_approx=False sweeper.objective=['rob_value','test_loss'] +experiment=sweep_spatial_sir
[2023-05-07 17:27:02,398][HYDRA] 	#85 : defense.params.beta=5.307789892249959 defense=fisher_trace task=spatial_sir eval_rob.eps=2.0 model=maf_pyro model/embedding_net=mlp train.N_train=100000 train.N_test=10000 run_eval_approx=False sweeper.objective=['rob_value','test_loss'] +experiment=sweep_spatial_sir
[2023-05-07 17:27:02,403][HYDRA] 	#86 : defense.params.beta=10.464961117009187 defense=fisher_trace task=spatial_sir eval_rob.eps=2.0 model=maf_pyro model/embedding_net=mlp train.N_train=100000 train.N_test=10000 run_eval_approx=False sweeper.objective=['rob_value','test_loss'] +experiment=sweep_spatial_sir
[2023-05-07 17:27:02,409][HYDRA] 	#87 : defense.params.beta=1.8788103057747825 defense=fisher_trace task=spatial_sir eval_rob.eps=2.0 model=maf_pyro model/embedding_net=mlp train.N_train=100000 train.N_test=10000 run_eval_approx=False sweeper.objective=['rob_value','test_loss'] +experiment=sweep_spatial_sir
[2023-05-07 17:27:02,415][HYDRA] 	#88 : defense.params.beta=11.518929953528934 defense=fisher_trace task=spatial_sir eval_rob.eps=2.0 model=maf_pyro model/embedding_net=mlp train.N_train=100000 train.N_test=10000 run_eval_approx=False sweeper.objective=['rob_value','test_loss'] +experiment=sweep_spatial_sir
[2023-05-07 17:27:02,422][HYDRA] 	#89 : defense.params.beta=18.585923958594663 defense=fisher_trace task=spatial_sir eval_rob.eps=2.0 model=maf_pyro model/embedding_net=mlp train.N_train=100000 train.N_test=10000 run_eval_approx=False sweeper.objective=['rob_value','test_loss'] +experiment=sweep_spatial_sir
[2023-05-07 17:27:02,428][HYDRA] 	#90 : defense.params.beta=6.371379117169578 defense=fisher_trace task=spatial_sir eval_rob.eps=2.0 model=maf_pyro model/embedding_net=mlp train.N_train=100000 train.N_test=10000 run_eval_approx=False sweeper.objective=['rob_value','test_loss'] +experiment=sweep_spatial_sir
[2023-05-07 17:27:02,434][HYDRA] 	#91 : defense.params.beta=13.348207632532594 defense=fisher_trace task=spatial_sir eval_rob.eps=2.0 model=maf_pyro model/embedding_net=mlp train.N_train=100000 train.N_test=10000 run_eval_approx=False sweeper.objective=['rob_value','test_loss'] +experiment=sweep_spatial_sir
[2023-05-07 17:27:02,440][HYDRA] 	#92 : defense.params.beta=2.6359573349080567 defense=fisher_trace task=spatial_sir eval_rob.eps=2.0 model=maf_pyro model/embedding_net=mlp train.N_train=100000 train.N_test=10000 run_eval_approx=False sweeper.objective=['rob_value','test_loss'] +experiment=sweep_spatial_sir
[2023-05-07 17:27:02,446][HYDRA] 	#93 : defense.params.beta=14.326544110738588 defense=fisher_trace task=spatial_sir eval_rob.eps=2.0 model=maf_pyro model/embedding_net=mlp train.N_train=100000 train.N_test=10000 run_eval_approx=False sweeper.objective=['rob_value','test_loss'] +experiment=sweep_spatial_sir
[2023-05-07 17:27:02,452][HYDRA] 	#94 : defense.params.beta=5.788121930003412 defense=fisher_trace task=spatial_sir eval_rob.eps=2.0 model=maf_pyro model/embedding_net=mlp train.N_train=100000 train.N_test=10000 run_eval_approx=False sweeper.objective=['rob_value','test_loss'] +experiment=sweep_spatial_sir
[2023-05-07 17:27:02,458][HYDRA] 	#95 : defense.params.beta=3.6638273218232 defense=fisher_trace task=spatial_sir eval_rob.eps=2.0 model=maf_pyro model/embedding_net=mlp train.N_train=100000 train.N_test=10000 run_eval_approx=False sweeper.objective=['rob_value','test_loss'] +experiment=sweep_spatial_sir
[2023-05-07 17:27:02,464][HYDRA] 	#96 : defense.params.beta=11.730258737550368 defense=fisher_trace task=spatial_sir eval_rob.eps=2.0 model=maf_pyro model/embedding_net=mlp train.N_train=100000 train.N_test=10000 run_eval_approx=False sweeper.objective=['rob_value','test_loss'] +experiment=sweep_spatial_sir
[2023-05-07 17:27:02,470][HYDRA] 	#97 : defense.params.beta=0.40215102173911643 defense=fisher_trace task=spatial_sir eval_rob.eps=2.0 model=maf_pyro model/embedding_net=mlp train.N_train=100000 train.N_test=10000 run_eval_approx=False sweeper.objective=['rob_value','test_loss'] +experiment=sweep_spatial_sir
[2023-05-07 17:27:02,476][HYDRA] 	#98 : defense.params.beta=16.57880060145326 defense=fisher_trace task=spatial_sir eval_rob.eps=2.0 model=maf_pyro model/embedding_net=mlp train.N_train=100000 train.N_test=10000 run_eval_approx=False sweeper.objective=['rob_value','test_loss'] +experiment=sweep_spatial_sir
[2023-05-07 17:27:02,482][HYDRA] 	#99 : defense.params.beta=0.09390962338139369 defense=fisher_trace task=spatial_sir eval_rob.eps=2.0 model=maf_pyro model/embedding_net=mlp train.N_train=100000 train.N_test=10000 run_eval_approx=False sweeper.objective=['rob_value','test_loss'] +experiment=sweep_spatial_sir
[2023-05-08 00:20:00,039][HYDRA] Submitit 'slurm' sweep output dir : /mnt/qb/macke/mgloeckler90/RBI_paper_final/outputs/2023-05-07/14-11-09
[2023-05-08 00:20:00,046][HYDRA] 	#100 : defense.params.beta=13.556330768142947 defense=fisher_trace task=spatial_sir eval_rob.eps=2.0 model=maf_pyro model/embedding_net=mlp train.N_train=100000 train.N_test=10000 run_eval_approx=False sweeper.objective=['rob_value','test_loss'] +experiment=sweep_spatial_sir
[2023-05-08 00:20:00,053][HYDRA] 	#101 : defense.params.beta=5.4001595368425 defense=fisher_trace task=spatial_sir eval_rob.eps=2.0 model=maf_pyro model/embedding_net=mlp train.N_train=100000 train.N_test=10000 run_eval_approx=False sweeper.objective=['rob_value','test_loss'] +experiment=sweep_spatial_sir
[2023-05-08 00:20:00,060][HYDRA] 	#102 : defense.params.beta=14.703880468932494 defense=fisher_trace task=spatial_sir eval_rob.eps=2.0 model=maf_pyro model/embedding_net=mlp train.N_train=100000 train.N_test=10000 run_eval_approx=False sweeper.objective=['rob_value','test_loss'] +experiment=sweep_spatial_sir
[2023-05-08 00:20:00,066][HYDRA] 	#103 : defense.params.beta=19.24377090612991 defense=fisher_trace task=spatial_sir eval_rob.eps=2.0 model=maf_pyro model/embedding_net=mlp train.N_train=100000 train.N_test=10000 run_eval_approx=False sweeper.objective=['rob_value','test_loss'] +experiment=sweep_spatial_sir
[2023-05-08 00:20:00,072][HYDRA] 	#104 : defense.params.beta=4.975062945523846 defense=fisher_trace task=spatial_sir eval_rob.eps=2.0 model=maf_pyro model/embedding_net=mlp train.N_train=100000 train.N_test=10000 run_eval_approx=False sweeper.objective=['rob_value','test_loss'] +experiment=sweep_spatial_sir
[2023-05-08 00:20:00,077][HYDRA] 	#105 : defense.params.beta=11.523146730741002 defense=fisher_trace task=spatial_sir eval_rob.eps=2.0 model=maf_pyro model/embedding_net=mlp train.N_train=100000 train.N_test=10000 run_eval_approx=False sweeper.objective=['rob_value','test_loss'] +experiment=sweep_spatial_sir
[2023-05-08 00:20:00,083][HYDRA] 	#106 : defense.params.beta=11.840838666232585 defense=fisher_trace task=spatial_sir eval_rob.eps=2.0 model=maf_pyro model/embedding_net=mlp train.N_train=100000 train.N_test=10000 run_eval_approx=False sweeper.objective=['rob_value','test_loss'] +experiment=sweep_spatial_sir
[2023-05-08 00:20:00,089][HYDRA] 	#107 : defense.params.beta=11.445038158592276 defense=fisher_trace task=spatial_sir eval_rob.eps=2.0 model=maf_pyro model/embedding_net=mlp train.N_train=100000 train.N_test=10000 run_eval_approx=False sweeper.objective=['rob_value','test_loss'] +experiment=sweep_spatial_sir
[2023-05-08 00:20:00,094][HYDRA] 	#108 : defense.params.beta=4.461632730504203 defense=fisher_trace task=spatial_sir eval_rob.eps=2.0 model=maf_pyro model/embedding_net=mlp train.N_train=100000 train.N_test=10000 run_eval_approx=False sweeper.objective=['rob_value','test_loss'] +experiment=sweep_spatial_sir
[2023-05-08 00:20:00,100][HYDRA] 	#109 : defense.params.beta=19.0549802350648 defense=fisher_trace task=spatial_sir eval_rob.eps=2.0 model=maf_pyro model/embedding_net=mlp train.N_train=100000 train.N_test=10000 run_eval_approx=False sweeper.objective=['rob_value','test_loss'] +experiment=sweep_spatial_sir
[2023-05-08 00:20:00,106][HYDRA] 	#110 : defense.params.beta=8.942507627640008 defense=fisher_trace task=spatial_sir eval_rob.eps=2.0 model=maf_pyro model/embedding_net=mlp train.N_train=100000 train.N_test=10000 run_eval_approx=False sweeper.objective=['rob_value','test_loss'] +experiment=sweep_spatial_sir
[2023-05-08 00:20:00,112][HYDRA] 	#111 : defense.params.beta=16.92817346478169 defense=fisher_trace task=spatial_sir eval_rob.eps=2.0 model=maf_pyro model/embedding_net=mlp train.N_train=100000 train.N_test=10000 run_eval_approx=False sweeper.objective=['rob_value','test_loss'] +experiment=sweep_spatial_sir
[2023-05-08 00:20:00,118][HYDRA] 	#112 : defense.params.beta=13.989585536402156 defense=fisher_trace task=spatial_sir eval_rob.eps=2.0 model=maf_pyro model/embedding_net=mlp train.N_train=100000 train.N_test=10000 run_eval_approx=False sweeper.objective=['rob_value','test_loss'] +experiment=sweep_spatial_sir
[2023-05-08 00:20:00,123][HYDRA] 	#113 : defense.params.beta=5.9487390873589785 defense=fisher_trace task=spatial_sir eval_rob.eps=2.0 model=maf_pyro model/embedding_net=mlp train.N_train=100000 train.N_test=10000 run_eval_approx=False sweeper.objective=['rob_value','test_loss'] +experiment=sweep_spatial_sir
[2023-05-08 00:20:00,129][HYDRA] 	#114 : defense.params.beta=16.275956412669764 defense=fisher_trace task=spatial_sir eval_rob.eps=2.0 model=maf_pyro model/embedding_net=mlp train.N_train=100000 train.N_test=10000 run_eval_approx=False sweeper.objective=['rob_value','test_loss'] +experiment=sweep_spatial_sir
[2023-05-08 00:20:00,135][HYDRA] 	#115 : defense.params.beta=7.930114877289118 defense=fisher_trace task=spatial_sir eval_rob.eps=2.0 model=maf_pyro model/embedding_net=mlp train.N_train=100000 train.N_test=10000 run_eval_approx=False sweeper.objective=['rob_value','test_loss'] +experiment=sweep_spatial_sir
[2023-05-08 00:20:00,141][HYDRA] 	#116 : defense.params.beta=17.622063954112914 defense=fisher_trace task=spatial_sir eval_rob.eps=2.0 model=maf_pyro model/embedding_net=mlp train.N_train=100000 train.N_test=10000 run_eval_approx=False sweeper.objective=['rob_value','test_loss'] +experiment=sweep_spatial_sir
[2023-05-08 00:20:00,147][HYDRA] 	#117 : defense.params.beta=11.625457494589885 defense=fisher_trace task=spatial_sir eval_rob.eps=2.0 model=maf_pyro model/embedding_net=mlp train.N_train=100000 train.N_test=10000 run_eval_approx=False sweeper.objective=['rob_value','test_loss'] +experiment=sweep_spatial_sir
[2023-05-08 00:20:00,153][HYDRA] 	#118 : defense.params.beta=17.63470724892352 defense=fisher_trace task=spatial_sir eval_rob.eps=2.0 model=maf_pyro model/embedding_net=mlp train.N_train=100000 train.N_test=10000 run_eval_approx=False sweeper.objective=['rob_value','test_loss'] +experiment=sweep_spatial_sir
[2023-05-08 00:20:00,159][HYDRA] 	#119 : defense.params.beta=13.850631832302158 defense=fisher_trace task=spatial_sir eval_rob.eps=2.0 model=maf_pyro model/embedding_net=mlp train.N_train=100000 train.N_test=10000 run_eval_approx=False sweeper.objective=['rob_value','test_loss'] +experiment=sweep_spatial_sir
[2023-05-08 01:04:42,690][HYDRA] Submitit 'slurm' sweep output dir : /mnt/qb/macke/mgloeckler90/RBI_paper_final/outputs/2023-05-07/14-11-09
[2023-05-08 01:04:42,697][HYDRA] 	#120 : defense.params.beta=14.50508562386738 defense=fisher_trace task=spatial_sir eval_rob.eps=2.0 model=maf_pyro model/embedding_net=mlp train.N_train=100000 train.N_test=10000 run_eval_approx=False sweeper.objective=['rob_value','test_loss'] +experiment=sweep_spatial_sir
[2023-05-08 01:04:42,704][HYDRA] 	#121 : defense.params.beta=10.026487688401605 defense=fisher_trace task=spatial_sir eval_rob.eps=2.0 model=maf_pyro model/embedding_net=mlp train.N_train=100000 train.N_test=10000 run_eval_approx=False sweeper.objective=['rob_value','test_loss'] +experiment=sweep_spatial_sir
[2023-05-08 01:04:42,710][HYDRA] 	#122 : defense.params.beta=19.121672698856113 defense=fisher_trace task=spatial_sir eval_rob.eps=2.0 model=maf_pyro model/embedding_net=mlp train.N_train=100000 train.N_test=10000 run_eval_approx=False sweeper.objective=['rob_value','test_loss'] +experiment=sweep_spatial_sir
[2023-05-08 01:04:42,716][HYDRA] 	#123 : defense.params.beta=12.879804020193728 defense=fisher_trace task=spatial_sir eval_rob.eps=2.0 model=maf_pyro model/embedding_net=mlp train.N_train=100000 train.N_test=10000 run_eval_approx=False sweeper.objective=['rob_value','test_loss'] +experiment=sweep_spatial_sir
[2023-05-08 01:04:42,722][HYDRA] 	#124 : defense.params.beta=8.477101028778087 defense=fisher_trace task=spatial_sir eval_rob.eps=2.0 model=maf_pyro model/embedding_net=mlp train.N_train=100000 train.N_test=10000 run_eval_approx=False sweeper.objective=['rob_value','test_loss'] +experiment=sweep_spatial_sir
[2023-05-08 01:04:42,728][HYDRA] 	#125 : defense.params.beta=12.127864321919164 defense=fisher_trace task=spatial_sir eval_rob.eps=2.0 model=maf_pyro model/embedding_net=mlp train.N_train=100000 train.N_test=10000 run_eval_approx=False sweeper.objective=['rob_value','test_loss'] +experiment=sweep_spatial_sir
[2023-05-08 01:04:42,734][HYDRA] 	#126 : defense.params.beta=0.38386406426735065 defense=fisher_trace task=spatial_sir eval_rob.eps=2.0 model=maf_pyro model/embedding_net=mlp train.N_train=100000 train.N_test=10000 run_eval_approx=False sweeper.objective=['rob_value','test_loss'] +experiment=sweep_spatial_sir
[2023-05-08 01:04:42,739][HYDRA] 	#127 : defense.params.beta=6.031496403333505 defense=fisher_trace task=spatial_sir eval_rob.eps=2.0 model=maf_pyro model/embedding_net=mlp train.N_train=100000 train.N_test=10000 run_eval_approx=False sweeper.objective=['rob_value','test_loss'] +experiment=sweep_spatial_sir
[2023-05-08 01:04:42,746][HYDRA] 	#128 : defense.params.beta=13.203470783836346 defense=fisher_trace task=spatial_sir eval_rob.eps=2.0 model=maf_pyro model/embedding_net=mlp train.N_train=100000 train.N_test=10000 run_eval_approx=False sweeper.objective=['rob_value','test_loss'] +experiment=sweep_spatial_sir
[2023-05-08 01:04:42,752][HYDRA] 	#129 : defense.params.beta=5.801552215201121 defense=fisher_trace task=spatial_sir eval_rob.eps=2.0 model=maf_pyro model/embedding_net=mlp train.N_train=100000 train.N_test=10000 run_eval_approx=False sweeper.objective=['rob_value','test_loss'] +experiment=sweep_spatial_sir
[2023-05-08 01:04:42,758][HYDRA] 	#130 : defense.params.beta=12.360308618175287 defense=fisher_trace task=spatial_sir eval_rob.eps=2.0 model=maf_pyro model/embedding_net=mlp train.N_train=100000 train.N_test=10000 run_eval_approx=False sweeper.objective=['rob_value','test_loss'] +experiment=sweep_spatial_sir
[2023-05-08 01:04:42,764][HYDRA] 	#131 : defense.params.beta=8.575374076038452 defense=fisher_trace task=spatial_sir eval_rob.eps=2.0 model=maf_pyro model/embedding_net=mlp train.N_train=100000 train.N_test=10000 run_eval_approx=False sweeper.objective=['rob_value','test_loss'] +experiment=sweep_spatial_sir
[2023-05-08 01:04:42,769][HYDRA] 	#132 : defense.params.beta=2.7094813709015977 defense=fisher_trace task=spatial_sir eval_rob.eps=2.0 model=maf_pyro model/embedding_net=mlp train.N_train=100000 train.N_test=10000 run_eval_approx=False sweeper.objective=['rob_value','test_loss'] +experiment=sweep_spatial_sir
[2023-05-08 01:04:42,776][HYDRA] 	#133 : defense.params.beta=5.9656465892923825 defense=fisher_trace task=spatial_sir eval_rob.eps=2.0 model=maf_pyro model/embedding_net=mlp train.N_train=100000 train.N_test=10000 run_eval_approx=False sweeper.objective=['rob_value','test_loss'] +experiment=sweep_spatial_sir
[2023-05-08 01:04:42,781][HYDRA] 	#134 : defense.params.beta=11.399298257028805 defense=fisher_trace task=spatial_sir eval_rob.eps=2.0 model=maf_pyro model/embedding_net=mlp train.N_train=100000 train.N_test=10000 run_eval_approx=False sweeper.objective=['rob_value','test_loss'] +experiment=sweep_spatial_sir
[2023-05-08 01:04:42,787][HYDRA] 	#135 : defense.params.beta=11.817455265876188 defense=fisher_trace task=spatial_sir eval_rob.eps=2.0 model=maf_pyro model/embedding_net=mlp train.N_train=100000 train.N_test=10000 run_eval_approx=False sweeper.objective=['rob_value','test_loss'] +experiment=sweep_spatial_sir
[2023-05-08 01:04:42,793][HYDRA] 	#136 : defense.params.beta=11.48650501955905 defense=fisher_trace task=spatial_sir eval_rob.eps=2.0 model=maf_pyro model/embedding_net=mlp train.N_train=100000 train.N_test=10000 run_eval_approx=False sweeper.objective=['rob_value','test_loss'] +experiment=sweep_spatial_sir
[2023-05-08 01:04:42,799][HYDRA] 	#137 : defense.params.beta=13.064016431822589 defense=fisher_trace task=spatial_sir eval_rob.eps=2.0 model=maf_pyro model/embedding_net=mlp train.N_train=100000 train.N_test=10000 run_eval_approx=False sweeper.objective=['rob_value','test_loss'] +experiment=sweep_spatial_sir
[2023-05-08 01:04:42,804][HYDRA] 	#138 : defense.params.beta=13.04206543482345 defense=fisher_trace task=spatial_sir eval_rob.eps=2.0 model=maf_pyro model/embedding_net=mlp train.N_train=100000 train.N_test=10000 run_eval_approx=False sweeper.objective=['rob_value','test_loss'] +experiment=sweep_spatial_sir
[2023-05-08 01:04:42,810][HYDRA] 	#139 : defense.params.beta=8.628368765537635 defense=fisher_trace task=spatial_sir eval_rob.eps=2.0 model=maf_pyro model/embedding_net=mlp train.N_train=100000 train.N_test=10000 run_eval_approx=False sweeper.objective=['rob_value','test_loss'] +experiment=sweep_spatial_sir
[2023-05-08 10:10:28,877][HYDRA] Submitit 'slurm' sweep output dir : /mnt/qb/macke/mgloeckler90/RBI_paper_final/outputs/2023-05-07/14-11-09
[2023-05-08 10:10:28,898][HYDRA] 	#140 : defense.params.beta=17.9309319273666 defense=fisher_trace task=spatial_sir eval_rob.eps=2.0 model=maf_pyro model/embedding_net=mlp train.N_train=100000 train.N_test=10000 run_eval_approx=False sweeper.objective=['rob_value','test_loss'] +experiment=sweep_spatial_sir
[2023-05-08 10:10:28,905][HYDRA] 	#141 : defense.params.beta=7.351237464201743 defense=fisher_trace task=spatial_sir eval_rob.eps=2.0 model=maf_pyro model/embedding_net=mlp train.N_train=100000 train.N_test=10000 run_eval_approx=False sweeper.objective=['rob_value','test_loss'] +experiment=sweep_spatial_sir
[2023-05-08 10:10:28,910][HYDRA] 	#142 : defense.params.beta=8.717298561726043 defense=fisher_trace task=spatial_sir eval_rob.eps=2.0 model=maf_pyro model/embedding_net=mlp train.N_train=100000 train.N_test=10000 run_eval_approx=False sweeper.objective=['rob_value','test_loss'] +experiment=sweep_spatial_sir
[2023-05-08 10:10:28,916][HYDRA] 	#143 : defense.params.beta=17.83846711112111 defense=fisher_trace task=spatial_sir eval_rob.eps=2.0 model=maf_pyro model/embedding_net=mlp train.N_train=100000 train.N_test=10000 run_eval_approx=False sweeper.objective=['rob_value','test_loss'] +experiment=sweep_spatial_sir
[2023-05-08 10:10:28,923][HYDRA] 	#144 : defense.params.beta=16.123879800302316 defense=fisher_trace task=spatial_sir eval_rob.eps=2.0 model=maf_pyro model/embedding_net=mlp train.N_train=100000 train.N_test=10000 run_eval_approx=False sweeper.objective=['rob_value','test_loss'] +experiment=sweep_spatial_sir
[2023-05-08 10:10:28,928][HYDRA] 	#145 : defense.params.beta=14.077771700418467 defense=fisher_trace task=spatial_sir eval_rob.eps=2.0 model=maf_pyro model/embedding_net=mlp train.N_train=100000 train.N_test=10000 run_eval_approx=False sweeper.objective=['rob_value','test_loss'] +experiment=sweep_spatial_sir
[2023-05-08 10:10:28,934][HYDRA] 	#146 : defense.params.beta=2.0045378362233333 defense=fisher_trace task=spatial_sir eval_rob.eps=2.0 model=maf_pyro model/embedding_net=mlp train.N_train=100000 train.N_test=10000 run_eval_approx=False sweeper.objective=['rob_value','test_loss'] +experiment=sweep_spatial_sir
[2023-05-08 10:10:28,940][HYDRA] 	#147 : defense.params.beta=18.38965228294521 defense=fisher_trace task=spatial_sir eval_rob.eps=2.0 model=maf_pyro model/embedding_net=mlp train.N_train=100000 train.N_test=10000 run_eval_approx=False sweeper.objective=['rob_value','test_loss'] +experiment=sweep_spatial_sir
[2023-05-08 10:10:28,946][HYDRA] 	#148 : defense.params.beta=14.284826019558096 defense=fisher_trace task=spatial_sir eval_rob.eps=2.0 model=maf_pyro model/embedding_net=mlp train.N_train=100000 train.N_test=10000 run_eval_approx=False sweeper.objective=['rob_value','test_loss'] +experiment=sweep_spatial_sir
[2023-05-08 10:10:28,952][HYDRA] 	#149 : defense.params.beta=19.97694013147263 defense=fisher_trace task=spatial_sir eval_rob.eps=2.0 model=maf_pyro model/embedding_net=mlp train.N_train=100000 train.N_test=10000 run_eval_approx=False sweeper.objective=['rob_value','test_loss'] +experiment=sweep_spatial_sir
[2023-05-08 10:10:28,958][HYDRA] 	#150 : defense.params.beta=2.988966178215044 defense=fisher_trace task=spatial_sir eval_rob.eps=2.0 model=maf_pyro model/embedding_net=mlp train.N_train=100000 train.N_test=10000 run_eval_approx=False sweeper.objective=['rob_value','test_loss'] +experiment=sweep_spatial_sir
[2023-05-08 10:10:28,964][HYDRA] 	#151 : defense.params.beta=17.36252116055168 defense=fisher_trace task=spatial_sir eval_rob.eps=2.0 model=maf_pyro model/embedding_net=mlp train.N_train=100000 train.N_test=10000 run_eval_approx=False sweeper.objective=['rob_value','test_loss'] +experiment=sweep_spatial_sir
[2023-05-08 10:10:28,970][HYDRA] 	#152 : defense.params.beta=3.249858777278203 defense=fisher_trace task=spatial_sir eval_rob.eps=2.0 model=maf_pyro model/embedding_net=mlp train.N_train=100000 train.N_test=10000 run_eval_approx=False sweeper.objective=['rob_value','test_loss'] +experiment=sweep_spatial_sir
[2023-05-08 10:10:28,978][HYDRA] 	#153 : defense.params.beta=12.311191324120927 defense=fisher_trace task=spatial_sir eval_rob.eps=2.0 model=maf_pyro model/embedding_net=mlp train.N_train=100000 train.N_test=10000 run_eval_approx=False sweeper.objective=['rob_value','test_loss'] +experiment=sweep_spatial_sir
[2023-05-08 10:10:28,984][HYDRA] 	#154 : defense.params.beta=2.4763997446068315 defense=fisher_trace task=spatial_sir eval_rob.eps=2.0 model=maf_pyro model/embedding_net=mlp train.N_train=100000 train.N_test=10000 run_eval_approx=False sweeper.objective=['rob_value','test_loss'] +experiment=sweep_spatial_sir
[2023-05-08 10:10:28,990][HYDRA] 	#155 : defense.params.beta=16.960164601643864 defense=fisher_trace task=spatial_sir eval_rob.eps=2.0 model=maf_pyro model/embedding_net=mlp train.N_train=100000 train.N_test=10000 run_eval_approx=False sweeper.objective=['rob_value','test_loss'] +experiment=sweep_spatial_sir
[2023-05-08 10:10:28,996][HYDRA] 	#156 : defense.params.beta=16.14637919376832 defense=fisher_trace task=spatial_sir eval_rob.eps=2.0 model=maf_pyro model/embedding_net=mlp train.N_train=100000 train.N_test=10000 run_eval_approx=False sweeper.objective=['rob_value','test_loss'] +experiment=sweep_spatial_sir
[2023-05-08 10:10:29,003][HYDRA] 	#157 : defense.params.beta=11.38201481538179 defense=fisher_trace task=spatial_sir eval_rob.eps=2.0 model=maf_pyro model/embedding_net=mlp train.N_train=100000 train.N_test=10000 run_eval_approx=False sweeper.objective=['rob_value','test_loss'] +experiment=sweep_spatial_sir
[2023-05-08 10:10:29,009][HYDRA] 	#158 : defense.params.beta=8.143666003801663 defense=fisher_trace task=spatial_sir eval_rob.eps=2.0 model=maf_pyro model/embedding_net=mlp train.N_train=100000 train.N_test=10000 run_eval_approx=False sweeper.objective=['rob_value','test_loss'] +experiment=sweep_spatial_sir
[2023-05-08 10:10:29,015][HYDRA] 	#159 : defense.params.beta=1.3833400021860613 defense=fisher_trace task=spatial_sir eval_rob.eps=2.0 model=maf_pyro model/embedding_net=mlp train.N_train=100000 train.N_test=10000 run_eval_approx=False sweeper.objective=['rob_value','test_loss'] +experiment=sweep_spatial_sir
