          
                      
  _____  ____ _____ ____  __  __ 
 |  __ \|  _ \_   _|  _ \|  \/  |       --..,_                     _,.--.       
 | |__) | |_) || | | |_) | \  / |          `'.'.                .'`__ o  `;__.  
 |  _  /|  _ < | | |  _ <| |\/| |             '.'.            .'.'`  '---'`  ` 
 | | \ \| |_) || |_| |_) | |  | |              '.`'--....--'`.'            
 |_|  \_\____/_____|____/|_|  |_|                `'--....--'`         

 
                                           

['/mnt/qb/work/macke/mgloeckler90/miniconda3/envs/rbi_camera_ready/bin/rbibm', '+experiment=sweep_gl']
/mnt/qb/work/macke/mgloeckler90/miniconda3/envs/rbi_camera_ready/lib/python3.9/site-packages/hydra/_internal/instantiate/_instantiate2.py:92: FutureWarning: MOTPESampler has been deprecated in v2.9.0. This feature will be removed in v4.0.0. See https://github.com/optuna/optuna/releases/tag/v2.9.0.
  return _target_(*args, **kwargs)
[32m[I 2023-05-07 14:10:20,557][0m A new study created in memory with name: rbibm_sweep_multi_objective[0m
[2023-05-07 14:10:20,557][HYDRA] Study name: rbibm_sweep_multi_objective
[2023-05-07 14:10:20,557][HYDRA] Storage: None
[2023-05-07 14:10:20,557][HYDRA] Sampler: MOTPESampler
[2023-05-07 14:10:20,557][HYDRA] Directions: ['minimize', 'minimize']
[2023-05-07 14:10:20,968][HYDRA] Submitit 'slurm' sweep output dir : /mnt/qb/macke/mgloeckler90/RBI_paper_final/outputs/2023-05-07/14-10-17
[2023-05-07 14:10:20,976][HYDRA] 	#0 : defense.params.beta=10.976270123665143 defense=fisher_trace task=gaussian_linear eval_rob.eps=2.0 model=maf_pyro train.N_train=100000 train.N_test=10000 run_eval_approx=False sweeper.objective=['rob_value','test_loss'] +experiment=sweep_gl
[2023-05-07 14:10:20,983][HYDRA] 	#1 : defense.params.beta=14.303787355929451 defense=fisher_trace task=gaussian_linear eval_rob.eps=2.0 model=maf_pyro train.N_train=100000 train.N_test=10000 run_eval_approx=False sweeper.objective=['rob_value','test_loss'] +experiment=sweep_gl
[2023-05-07 14:10:20,989][HYDRA] 	#2 : defense.params.beta=12.055267561156539 defense=fisher_trace task=gaussian_linear eval_rob.eps=2.0 model=maf_pyro train.N_train=100000 train.N_test=10000 run_eval_approx=False sweeper.objective=['rob_value','test_loss'] +experiment=sweep_gl
[2023-05-07 14:10:20,996][HYDRA] 	#3 : defense.params.beta=10.897663705449618 defense=fisher_trace task=gaussian_linear eval_rob.eps=2.0 model=maf_pyro train.N_train=100000 train.N_test=10000 run_eval_approx=False sweeper.objective=['rob_value','test_loss'] +experiment=sweep_gl
[2023-05-07 14:10:21,002][HYDRA] 	#4 : defense.params.beta=8.473096044412614 defense=fisher_trace task=gaussian_linear eval_rob.eps=2.0 model=maf_pyro train.N_train=100000 train.N_test=10000 run_eval_approx=False sweeper.objective=['rob_value','test_loss'] +experiment=sweep_gl
[2023-05-07 14:10:21,008][HYDRA] 	#5 : defense.params.beta=12.91788229674371 defense=fisher_trace task=gaussian_linear eval_rob.eps=2.0 model=maf_pyro train.N_train=100000 train.N_test=10000 run_eval_approx=False sweeper.objective=['rob_value','test_loss'] +experiment=sweep_gl
[2023-05-07 14:10:21,014][HYDRA] 	#6 : defense.params.beta=8.751744281495128 defense=fisher_trace task=gaussian_linear eval_rob.eps=2.0 model=maf_pyro train.N_train=100000 train.N_test=10000 run_eval_approx=False sweeper.objective=['rob_value','test_loss'] +experiment=sweep_gl
[2023-05-07 14:10:21,020][HYDRA] 	#7 : defense.params.beta=17.835460026464297 defense=fisher_trace task=gaussian_linear eval_rob.eps=2.0 model=maf_pyro train.N_train=100000 train.N_test=10000 run_eval_approx=False sweeper.objective=['rob_value','test_loss'] +experiment=sweep_gl
[2023-05-07 14:10:21,026][HYDRA] 	#8 : defense.params.beta=19.27325521365431 defense=fisher_trace task=gaussian_linear eval_rob.eps=2.0 model=maf_pyro train.N_train=100000 train.N_test=10000 run_eval_approx=False sweeper.objective=['rob_value','test_loss'] +experiment=sweep_gl
[2023-05-07 14:10:21,033][HYDRA] 	#9 : defense.params.beta=7.668830438171402 defense=fisher_trace task=gaussian_linear eval_rob.eps=2.0 model=maf_pyro train.N_train=100000 train.N_test=10000 run_eval_approx=False sweeper.objective=['rob_value','test_loss'] +experiment=sweep_gl
[2023-05-07 14:10:21,039][HYDRA] 	#10 : defense.params.beta=15.834500782480786 defense=fisher_trace task=gaussian_linear eval_rob.eps=2.0 model=maf_pyro train.N_train=100000 train.N_test=10000 run_eval_approx=False sweeper.objective=['rob_value','test_loss'] +experiment=sweep_gl
[2023-05-07 14:10:21,045][HYDRA] 	#11 : defense.params.beta=10.577898442168596 defense=fisher_trace task=gaussian_linear eval_rob.eps=2.0 model=maf_pyro train.N_train=100000 train.N_test=10000 run_eval_approx=False sweeper.objective=['rob_value','test_loss'] +experiment=sweep_gl
[2023-05-07 14:10:21,051][HYDRA] 	#12 : defense.params.beta=11.360891265074189 defense=fisher_trace task=gaussian_linear eval_rob.eps=2.0 model=maf_pyro train.N_train=100000 train.N_test=10000 run_eval_approx=False sweeper.objective=['rob_value','test_loss'] +experiment=sweep_gl
[2023-05-07 14:10:21,057][HYDRA] 	#13 : defense.params.beta=18.511932773293555 defense=fisher_trace task=gaussian_linear eval_rob.eps=2.0 model=maf_pyro train.N_train=100000 train.N_test=10000 run_eval_approx=False sweeper.objective=['rob_value','test_loss'] +experiment=sweep_gl
[2023-05-07 14:10:21,063][HYDRA] 	#14 : defense.params.beta=1.420721256854133 defense=fisher_trace task=gaussian_linear eval_rob.eps=2.0 model=maf_pyro train.N_train=100000 train.N_test=10000 run_eval_approx=False sweeper.objective=['rob_value','test_loss'] +experiment=sweep_gl
[2023-05-07 14:10:21,069][HYDRA] 	#15 : defense.params.beta=1.742586085317884 defense=fisher_trace task=gaussian_linear eval_rob.eps=2.0 model=maf_pyro train.N_train=100000 train.N_test=10000 run_eval_approx=False sweeper.objective=['rob_value','test_loss'] +experiment=sweep_gl
[2023-05-07 14:10:21,076][HYDRA] 	#16 : defense.params.beta=0.40436804678467464 defense=fisher_trace task=gaussian_linear eval_rob.eps=2.0 model=maf_pyro train.N_train=100000 train.N_test=10000 run_eval_approx=False sweeper.objective=['rob_value','test_loss'] +experiment=sweep_gl
[2023-05-07 14:10:21,082][HYDRA] 	#17 : defense.params.beta=16.652396927696774 defense=fisher_trace task=gaussian_linear eval_rob.eps=2.0 model=maf_pyro train.N_train=100000 train.N_test=10000 run_eval_approx=False sweeper.objective=['rob_value','test_loss'] +experiment=sweep_gl
[2023-05-07 14:10:21,088][HYDRA] 	#18 : defense.params.beta=15.563135041181333 defense=fisher_trace task=gaussian_linear eval_rob.eps=2.0 model=maf_pyro train.N_train=100000 train.N_test=10000 run_eval_approx=False sweeper.objective=['rob_value','test_loss'] +experiment=sweep_gl
[2023-05-07 14:10:21,094][HYDRA] 	#19 : defense.params.beta=17.400242977935168 defense=fisher_trace task=gaussian_linear eval_rob.eps=2.0 model=maf_pyro train.N_train=100000 train.N_test=10000 run_eval_approx=False sweeper.objective=['rob_value','test_loss'] +experiment=sweep_gl
[2023-05-07 14:31:54,763][HYDRA] Submitit 'slurm' sweep output dir : /mnt/qb/macke/mgloeckler90/RBI_paper_final/outputs/2023-05-07/14-10-17
[2023-05-07 14:31:54,767][HYDRA] 	#20 : defense.params.beta=19.572366846793447 defense=fisher_trace task=gaussian_linear eval_rob.eps=2.0 model=maf_pyro train.N_train=100000 train.N_test=10000 run_eval_approx=False sweeper.objective=['rob_value','test_loss'] +experiment=sweep_gl
[2023-05-07 14:31:54,774][HYDRA] 	#21 : defense.params.beta=15.983171304418613 defense=fisher_trace task=gaussian_linear eval_rob.eps=2.0 model=maf_pyro train.N_train=100000 train.N_test=10000 run_eval_approx=False sweeper.objective=['rob_value','test_loss'] +experiment=sweep_gl
[2023-05-07 14:31:54,780][HYDRA] 	#22 : defense.params.beta=9.2295872989107 defense=fisher_trace task=gaussian_linear eval_rob.eps=2.0 model=maf_pyro train.N_train=100000 train.N_test=10000 run_eval_approx=False sweeper.objective=['rob_value','test_loss'] +experiment=sweep_gl
[2023-05-07 14:31:54,787][HYDRA] 	#23 : defense.params.beta=15.61058354767619 defense=fisher_trace task=gaussian_linear eval_rob.eps=2.0 model=maf_pyro train.N_train=100000 train.N_test=10000 run_eval_approx=False sweeper.objective=['rob_value','test_loss'] +experiment=sweep_gl
[2023-05-07 14:31:54,793][HYDRA] 	#24 : defense.params.beta=2.3654886055512216 defense=fisher_trace task=gaussian_linear eval_rob.eps=2.0 model=maf_pyro train.N_train=100000 train.N_test=10000 run_eval_approx=False sweeper.objective=['rob_value','test_loss'] +experiment=sweep_gl
[2023-05-07 14:31:54,798][HYDRA] 	#25 : defense.params.beta=12.798420462558372 defense=fisher_trace task=gaussian_linear eval_rob.eps=2.0 model=maf_pyro train.N_train=100000 train.N_test=10000 run_eval_approx=False sweeper.objective=['rob_value','test_loss'] +experiment=sweep_gl
[2023-05-07 14:31:54,805][HYDRA] 	#26 : defense.params.beta=2.867065833845599 defense=fisher_trace task=gaussian_linear eval_rob.eps=2.0 model=maf_pyro train.N_train=100000 train.N_test=10000 run_eval_approx=False sweeper.objective=['rob_value','test_loss'] +experiment=sweep_gl
[2023-05-07 14:31:54,811][HYDRA] 	#27 : defense.params.beta=18.893378346524788 defense=fisher_trace task=gaussian_linear eval_rob.eps=2.0 model=maf_pyro train.N_train=100000 train.N_test=10000 run_eval_approx=False sweeper.objective=['rob_value','test_loss'] +experiment=sweep_gl
[2023-05-07 14:31:54,817][HYDRA] 	#28 : defense.params.beta=10.4369664828166 defense=fisher_trace task=gaussian_linear eval_rob.eps=2.0 model=maf_pyro train.N_train=100000 train.N_test=10000 run_eval_approx=False sweeper.objective=['rob_value','test_loss'] +experiment=sweep_gl
[2023-05-07 14:31:54,823][HYDRA] 	#29 : defense.params.beta=8.293238858344276 defense=fisher_trace task=gaussian_linear eval_rob.eps=2.0 model=maf_pyro train.N_train=100000 train.N_test=10000 run_eval_approx=False sweeper.objective=['rob_value','test_loss'] +experiment=sweep_gl
[2023-05-07 14:31:54,829][HYDRA] 	#30 : defense.params.beta=5.291112315636978 defense=fisher_trace task=gaussian_linear eval_rob.eps=2.0 model=maf_pyro train.N_train=100000 train.N_test=10000 run_eval_approx=False sweeper.objective=['rob_value','test_loss'] +experiment=sweep_gl
[2023-05-07 14:31:54,835][HYDRA] 	#31 : defense.params.beta=15.484673811260963 defense=fisher_trace task=gaussian_linear eval_rob.eps=2.0 model=maf_pyro train.N_train=100000 train.N_test=10000 run_eval_approx=False sweeper.objective=['rob_value','test_loss'] +experiment=sweep_gl
[2023-05-07 14:31:54,841][HYDRA] 	#32 : defense.params.beta=9.123006698715937 defense=fisher_trace task=gaussian_linear eval_rob.eps=2.0 model=maf_pyro train.N_train=100000 train.N_test=10000 run_eval_approx=False sweeper.objective=['rob_value','test_loss'] +experiment=sweep_gl
[2023-05-07 14:31:54,848][HYDRA] 	#33 : defense.params.beta=11.368679020529575 defense=fisher_trace task=gaussian_linear eval_rob.eps=2.0 model=maf_pyro train.N_train=100000 train.N_test=10000 run_eval_approx=False sweeper.objective=['rob_value','test_loss'] +experiment=sweep_gl
[2023-05-07 14:31:54,853][HYDRA] 	#34 : defense.params.beta=0.37579610684812276 defense=fisher_trace task=gaussian_linear eval_rob.eps=2.0 model=maf_pyro train.N_train=100000 train.N_test=10000 run_eval_approx=False sweeper.objective=['rob_value','test_loss'] +experiment=sweep_gl
[2023-05-07 14:31:54,859][HYDRA] 	#35 : defense.params.beta=12.35270997975399 defense=fisher_trace task=gaussian_linear eval_rob.eps=2.0 model=maf_pyro train.N_train=100000 train.N_test=10000 run_eval_approx=False sweeper.objective=['rob_value','test_loss'] +experiment=sweep_gl
[2023-05-07 14:31:54,865][HYDRA] 	#36 : defense.params.beta=12.241914493238854 defense=fisher_trace task=gaussian_linear eval_rob.eps=2.0 model=maf_pyro train.N_train=100000 train.N_test=10000 run_eval_approx=False sweeper.objective=['rob_value','test_loss'] +experiment=sweep_gl
[2023-05-07 14:31:54,871][HYDRA] 	#37 : defense.params.beta=12.338679975801737 defense=fisher_trace task=gaussian_linear eval_rob.eps=2.0 model=maf_pyro train.N_train=100000 train.N_test=10000 run_eval_approx=False sweeper.objective=['rob_value','test_loss'] +experiment=sweep_gl
[2023-05-07 14:31:54,877][HYDRA] 	#38 : defense.params.beta=18.874961575917677 defense=fisher_trace task=gaussian_linear eval_rob.eps=2.0 model=maf_pyro train.N_train=100000 train.N_test=10000 run_eval_approx=False sweeper.objective=['rob_value','test_loss'] +experiment=sweep_gl
[2023-05-07 14:31:54,883][HYDRA] 	#39 : defense.params.beta=13.636406013887637 defense=fisher_trace task=gaussian_linear eval_rob.eps=2.0 model=maf_pyro train.N_train=100000 train.N_test=10000 run_eval_approx=False sweeper.objective=['rob_value','test_loss'] +experiment=sweep_gl
[2023-05-07 16:07:46,607][HYDRA] Submitit 'slurm' sweep output dir : /mnt/qb/macke/mgloeckler90/RBI_paper_final/outputs/2023-05-07/14-10-17
[2023-05-07 16:07:46,612][HYDRA] 	#40 : defense.params.beta=7.19015807552493 defense=fisher_trace task=gaussian_linear eval_rob.eps=2.0 model=maf_pyro train.N_train=100000 train.N_test=10000 run_eval_approx=False sweeper.objective=['rob_value','test_loss'] +experiment=sweep_gl
[2023-05-07 16:07:46,620][HYDRA] 	#41 : defense.params.beta=8.740639132283633 defense=fisher_trace task=gaussian_linear eval_rob.eps=2.0 model=maf_pyro train.N_train=100000 train.N_test=10000 run_eval_approx=False sweeper.objective=['rob_value','test_loss'] +experiment=sweep_gl
[2023-05-07 16:07:46,627][HYDRA] 	#42 : defense.params.beta=13.952623948782175 defense=fisher_trace task=gaussian_linear eval_rob.eps=2.0 model=maf_pyro train.N_train=100000 train.N_test=10000 run_eval_approx=False sweeper.objective=['rob_value','test_loss'] +experiment=sweep_gl
[2023-05-07 16:07:46,632][HYDRA] 	#43 : defense.params.beta=1.2045095265628496 defense=fisher_trace task=gaussian_linear eval_rob.eps=2.0 model=maf_pyro train.N_train=100000 train.N_test=10000 run_eval_approx=False sweeper.objective=['rob_value','test_loss'] +experiment=sweep_gl
[2023-05-07 16:07:46,639][HYDRA] 	#44 : defense.params.beta=13.335334342236681 defense=fisher_trace task=gaussian_linear eval_rob.eps=2.0 model=maf_pyro train.N_train=100000 train.N_test=10000 run_eval_approx=False sweeper.objective=['rob_value','test_loss'] +experiment=sweep_gl
[2023-05-07 16:07:46,645][HYDRA] 	#45 : defense.params.beta=13.4127574252994 defense=fisher_trace task=gaussian_linear eval_rob.eps=2.0 model=maf_pyro train.N_train=100000 train.N_test=10000 run_eval_approx=False sweeper.objective=['rob_value','test_loss'] +experiment=sweep_gl
[2023-05-07 16:07:46,651][HYDRA] 	#46 : defense.params.beta=4.207651300438562 defense=fisher_trace task=gaussian_linear eval_rob.eps=2.0 model=maf_pyro train.N_train=100000 train.N_test=10000 run_eval_approx=False sweeper.objective=['rob_value','test_loss'] +experiment=sweep_gl
[2023-05-07 16:07:46,657][HYDRA] 	#47 : defense.params.beta=2.578526040204436 defense=fisher_trace task=gaussian_linear eval_rob.eps=2.0 model=maf_pyro train.N_train=100000 train.N_test=10000 run_eval_approx=False sweeper.objective=['rob_value','test_loss'] +experiment=sweep_gl
[2023-05-07 16:07:46,663][HYDRA] 	#48 : defense.params.beta=6.308567086940842 defense=fisher_trace task=gaussian_linear eval_rob.eps=2.0 model=maf_pyro train.N_train=100000 train.N_test=10000 run_eval_approx=False sweeper.objective=['rob_value','test_loss'] +experiment=sweep_gl
[2023-05-07 16:07:46,669][HYDRA] 	#49 : defense.params.beta=7.274215482481375 defense=fisher_trace task=gaussian_linear eval_rob.eps=2.0 model=maf_pyro train.N_train=100000 train.N_test=10000 run_eval_approx=False sweeper.objective=['rob_value','test_loss'] +experiment=sweep_gl
[2023-05-07 16:07:46,675][HYDRA] 	#50 : defense.params.beta=11.403935451337915 defense=fisher_trace task=gaussian_linear eval_rob.eps=2.0 model=maf_pyro train.N_train=100000 train.N_test=10000 run_eval_approx=False sweeper.objective=['rob_value','test_loss'] +experiment=sweep_gl
[2023-05-07 16:07:47,019][HYDRA] 	#51 : defense.params.beta=8.772030325386254 defense=fisher_trace task=gaussian_linear eval_rob.eps=2.0 model=maf_pyro train.N_train=100000 train.N_test=10000 run_eval_approx=False sweeper.objective=['rob_value','test_loss'] +experiment=sweep_gl
[2023-05-07 16:07:47,026][HYDRA] 	#52 : defense.params.beta=19.76747676234714 defense=fisher_trace task=gaussian_linear eval_rob.eps=2.0 model=maf_pyro train.N_train=100000 train.N_test=10000 run_eval_approx=False sweeper.objective=['rob_value','test_loss'] +experiment=sweep_gl
[2023-05-07 16:07:47,032][HYDRA] 	#53 : defense.params.beta=2.04089630475608 defense=fisher_trace task=gaussian_linear eval_rob.eps=2.0 model=maf_pyro train.N_train=100000 train.N_test=10000 run_eval_approx=False sweeper.objective=['rob_value','test_loss'] +experiment=sweep_gl
[2023-05-07 16:07:47,037][HYDRA] 	#54 : defense.params.beta=4.177535201009018 defense=fisher_trace task=gaussian_linear eval_rob.eps=2.0 model=maf_pyro train.N_train=100000 train.N_test=10000 run_eval_approx=False sweeper.objective=['rob_value','test_loss'] +experiment=sweep_gl
[2023-05-07 16:07:47,043][HYDRA] 	#55 : defense.params.beta=3.226190441568973 defense=fisher_trace task=gaussian_linear eval_rob.eps=2.0 model=maf_pyro train.N_train=100000 train.N_test=10000 run_eval_approx=False sweeper.objective=['rob_value','test_loss'] +experiment=sweep_gl
[2023-05-07 16:07:47,049][HYDRA] 	#56 : defense.params.beta=13.062166543997135 defense=fisher_trace task=gaussian_linear eval_rob.eps=2.0 model=maf_pyro train.N_train=100000 train.N_test=10000 run_eval_approx=False sweeper.objective=['rob_value','test_loss'] +experiment=sweep_gl
[2023-05-07 16:07:47,055][HYDRA] 	#57 : defense.params.beta=5.065832125466482 defense=fisher_trace task=gaussian_linear eval_rob.eps=2.0 model=maf_pyro train.N_train=100000 train.N_test=10000 run_eval_approx=False sweeper.objective=['rob_value','test_loss'] +experiment=sweep_gl
[2023-05-07 16:07:47,061][HYDRA] 	#58 : defense.params.beta=9.326215510495047 defense=fisher_trace task=gaussian_linear eval_rob.eps=2.0 model=maf_pyro train.N_train=100000 train.N_test=10000 run_eval_approx=False sweeper.objective=['rob_value','test_loss'] +experiment=sweep_gl
[2023-05-07 16:07:47,067][HYDRA] 	#59 : defense.params.beta=4.888511915589496 defense=fisher_trace task=gaussian_linear eval_rob.eps=2.0 model=maf_pyro train.N_train=100000 train.N_test=10000 run_eval_approx=False sweeper.objective=['rob_value','test_loss'] +experiment=sweep_gl
[2023-05-07 17:13:50,669][HYDRA] Submitit 'slurm' sweep output dir : /mnt/qb/macke/mgloeckler90/RBI_paper_final/outputs/2023-05-07/14-10-17
[2023-05-07 17:13:50,676][HYDRA] 	#60 : defense.params.beta=3.179391757013436 defense=fisher_trace task=gaussian_linear eval_rob.eps=2.0 model=maf_pyro train.N_train=100000 train.N_test=10000 run_eval_approx=False sweeper.objective=['rob_value','test_loss'] +experiment=sweep_gl
[2023-05-07 17:13:50,684][HYDRA] 	#61 : defense.params.beta=2.207502912248588 defense=fisher_trace task=gaussian_linear eval_rob.eps=2.0 model=maf_pyro train.N_train=100000 train.N_test=10000 run_eval_approx=False sweeper.objective=['rob_value','test_loss'] +experiment=sweep_gl
[2023-05-07 17:13:50,690][HYDRA] 	#62 : defense.params.beta=13.126591823672507 defense=fisher_trace task=gaussian_linear eval_rob.eps=2.0 model=maf_pyro train.N_train=100000 train.N_test=10000 run_eval_approx=False sweeper.objective=['rob_value','test_loss'] +experiment=sweep_gl
[2023-05-07 17:13:50,696][HYDRA] 	#63 : defense.params.beta=2.7636591131539805 defense=fisher_trace task=gaussian_linear eval_rob.eps=2.0 model=maf_pyro train.N_train=100000 train.N_test=10000 run_eval_approx=False sweeper.objective=['rob_value','test_loss'] +experiment=sweep_gl
[2023-05-07 17:13:50,702][HYDRA] 	#64 : defense.params.beta=3.9316473139428334 defense=fisher_trace task=gaussian_linear eval_rob.eps=2.0 model=maf_pyro train.N_train=100000 train.N_test=10000 run_eval_approx=False sweeper.objective=['rob_value','test_loss'] +experiment=sweep_gl
[2023-05-07 17:13:50,708][HYDRA] 	#65 : defense.params.beta=7.3745034763467645 defense=fisher_trace task=gaussian_linear eval_rob.eps=2.0 model=maf_pyro train.N_train=100000 train.N_test=10000 run_eval_approx=False sweeper.objective=['rob_value','test_loss'] +experiment=sweep_gl
[2023-05-07 17:13:50,714][HYDRA] 	#66 : defense.params.beta=16.419864614859378 defense=fisher_trace task=gaussian_linear eval_rob.eps=2.0 model=maf_pyro train.N_train=100000 train.N_test=10000 run_eval_approx=False sweeper.objective=['rob_value','test_loss'] +experiment=sweep_gl
[2023-05-07 17:13:50,721][HYDRA] 	#67 : defense.params.beta=1.9420256061510979 defense=fisher_trace task=gaussian_linear eval_rob.eps=2.0 model=maf_pyro train.N_train=100000 train.N_test=10000 run_eval_approx=False sweeper.objective=['rob_value','test_loss'] +experiment=sweep_gl
[2023-05-07 17:13:50,727][HYDRA] 	#68 : defense.params.beta=16.758898166181588 defense=fisher_trace task=gaussian_linear eval_rob.eps=2.0 model=maf_pyro train.N_train=100000 train.N_test=10000 run_eval_approx=False sweeper.objective=['rob_value','test_loss'] +experiment=sweep_gl
[2023-05-07 17:13:50,734][HYDRA] 	#69 : defense.params.beta=1.9219682482694205 defense=fisher_trace task=gaussian_linear eval_rob.eps=2.0 model=maf_pyro train.N_train=100000 train.N_test=10000 run_eval_approx=False sweeper.objective=['rob_value','test_loss'] +experiment=sweep_gl
[2023-05-07 17:13:50,740][HYDRA] 	#70 : defense.params.beta=19.52918930262197 defense=fisher_trace task=gaussian_linear eval_rob.eps=2.0 model=maf_pyro train.N_train=100000 train.N_test=10000 run_eval_approx=False sweeper.objective=['rob_value','test_loss'] +experiment=sweep_gl
[2023-05-07 17:13:50,746][HYDRA] 	#71 : defense.params.beta=9.37302408608891 defense=fisher_trace task=gaussian_linear eval_rob.eps=2.0 model=maf_pyro train.N_train=100000 train.N_test=10000 run_eval_approx=False sweeper.objective=['rob_value','test_loss'] +experiment=sweep_gl
[2023-05-07 17:13:50,752][HYDRA] 	#72 : defense.params.beta=19.535221766130633 defense=fisher_trace task=gaussian_linear eval_rob.eps=2.0 model=maf_pyro train.N_train=100000 train.N_test=10000 run_eval_approx=False sweeper.objective=['rob_value','test_loss'] +experiment=sweep_gl
[2023-05-07 17:13:50,758][HYDRA] 	#73 : defense.params.beta=12.096910434416365 defense=fisher_trace task=gaussian_linear eval_rob.eps=2.0 model=maf_pyro train.N_train=100000 train.N_test=10000 run_eval_approx=False sweeper.objective=['rob_value','test_loss'] +experiment=sweep_gl
[2023-05-07 17:13:50,764][HYDRA] 	#74 : defense.params.beta=14.785271614039674 defense=fisher_trace task=gaussian_linear eval_rob.eps=2.0 model=maf_pyro train.N_train=100000 train.N_test=10000 run_eval_approx=False sweeper.objective=['rob_value','test_loss'] +experiment=sweep_gl
[2023-05-07 17:13:50,771][HYDRA] 	#75 : defense.params.beta=0.7837559411676341 defense=fisher_trace task=gaussian_linear eval_rob.eps=2.0 model=maf_pyro train.N_train=100000 train.N_test=10000 run_eval_approx=False sweeper.objective=['rob_value','test_loss'] +experiment=sweep_gl
[2023-05-07 17:13:50,777][HYDRA] 	#76 : defense.params.beta=5.656139323247495 defense=fisher_trace task=gaussian_linear eval_rob.eps=2.0 model=maf_pyro train.N_train=100000 train.N_test=10000 run_eval_approx=False sweeper.objective=['rob_value','test_loss'] +experiment=sweep_gl
[2023-05-07 17:13:50,783][HYDRA] 	#77 : defense.params.beta=2.4039313122437216 defense=fisher_trace task=gaussian_linear eval_rob.eps=2.0 model=maf_pyro train.N_train=100000 train.N_test=10000 run_eval_approx=False sweeper.objective=['rob_value','test_loss'] +experiment=sweep_gl
[2023-05-07 17:13:50,789][HYDRA] 	#78 : defense.params.beta=5.922804020828879 defense=fisher_trace task=gaussian_linear eval_rob.eps=2.0 model=maf_pyro train.N_train=100000 train.N_test=10000 run_eval_approx=False sweeper.objective=['rob_value','test_loss'] +experiment=sweep_gl
[2023-05-07 17:13:50,794][HYDRA] 	#79 : defense.params.beta=2.374554467212109 defense=fisher_trace task=gaussian_linear eval_rob.eps=2.0 model=maf_pyro train.N_train=100000 train.N_test=10000 run_eval_approx=False sweeper.objective=['rob_value','test_loss'] +experiment=sweep_gl
[2023-05-07 17:51:38,785][HYDRA] Submitit 'slurm' sweep output dir : /mnt/qb/macke/mgloeckler90/RBI_paper_final/outputs/2023-05-07/14-10-17
[2023-05-07 17:51:38,797][HYDRA] 	#80 : defense.params.beta=6.359663656081202 defense=fisher_trace task=gaussian_linear eval_rob.eps=2.0 model=maf_pyro train.N_train=100000 train.N_test=10000 run_eval_approx=False sweeper.objective=['rob_value','test_loss'] +experiment=sweep_gl
[2023-05-07 17:51:38,804][HYDRA] 	#81 : defense.params.beta=8.285259948867099 defense=fisher_trace task=gaussian_linear eval_rob.eps=2.0 model=maf_pyro train.N_train=100000 train.N_test=10000 run_eval_approx=False sweeper.objective=['rob_value','test_loss'] +experiment=sweep_gl
[2023-05-07 17:51:38,809][HYDRA] 	#82 : defense.params.beta=1.2829500205609377 defense=fisher_trace task=gaussian_linear eval_rob.eps=2.0 model=maf_pyro train.N_train=100000 train.N_test=10000 run_eval_approx=False sweeper.objective=['rob_value','test_loss'] +experiment=sweep_gl
[2023-05-07 17:51:38,815][HYDRA] 	#83 : defense.params.beta=13.849442418153183 defense=fisher_trace task=gaussian_linear eval_rob.eps=2.0 model=maf_pyro train.N_train=100000 train.N_test=10000 run_eval_approx=False sweeper.objective=['rob_value','test_loss'] +experiment=sweep_gl
[2023-05-07 17:51:38,821][HYDRA] 	#84 : defense.params.beta=11.332029127471356 defense=fisher_trace task=gaussian_linear eval_rob.eps=2.0 model=maf_pyro train.N_train=100000 train.N_test=10000 run_eval_approx=False sweeper.objective=['rob_value','test_loss'] +experiment=sweep_gl
[2023-05-07 17:51:38,827][HYDRA] 	#85 : defense.params.beta=5.307789892249959 defense=fisher_trace task=gaussian_linear eval_rob.eps=2.0 model=maf_pyro train.N_train=100000 train.N_test=10000 run_eval_approx=False sweeper.objective=['rob_value','test_loss'] +experiment=sweep_gl
[2023-05-07 17:51:38,833][HYDRA] 	#86 : defense.params.beta=10.464961117009187 defense=fisher_trace task=gaussian_linear eval_rob.eps=2.0 model=maf_pyro train.N_train=100000 train.N_test=10000 run_eval_approx=False sweeper.objective=['rob_value','test_loss'] +experiment=sweep_gl
[2023-05-07 17:51:38,838][HYDRA] 	#87 : defense.params.beta=1.8788103057747825 defense=fisher_trace task=gaussian_linear eval_rob.eps=2.0 model=maf_pyro train.N_train=100000 train.N_test=10000 run_eval_approx=False sweeper.objective=['rob_value','test_loss'] +experiment=sweep_gl
[2023-05-07 17:51:38,844][HYDRA] 	#88 : defense.params.beta=11.518929953528934 defense=fisher_trace task=gaussian_linear eval_rob.eps=2.0 model=maf_pyro train.N_train=100000 train.N_test=10000 run_eval_approx=False sweeper.objective=['rob_value','test_loss'] +experiment=sweep_gl
[2023-05-07 17:51:38,849][HYDRA] 	#89 : defense.params.beta=18.585923958594663 defense=fisher_trace task=gaussian_linear eval_rob.eps=2.0 model=maf_pyro train.N_train=100000 train.N_test=10000 run_eval_approx=False sweeper.objective=['rob_value','test_loss'] +experiment=sweep_gl
[2023-05-07 17:51:38,855][HYDRA] 	#90 : defense.params.beta=6.371379117169578 defense=fisher_trace task=gaussian_linear eval_rob.eps=2.0 model=maf_pyro train.N_train=100000 train.N_test=10000 run_eval_approx=False sweeper.objective=['rob_value','test_loss'] +experiment=sweep_gl
[2023-05-07 17:51:38,860][HYDRA] 	#91 : defense.params.beta=13.348207632532594 defense=fisher_trace task=gaussian_linear eval_rob.eps=2.0 model=maf_pyro train.N_train=100000 train.N_test=10000 run_eval_approx=False sweeper.objective=['rob_value','test_loss'] +experiment=sweep_gl
[2023-05-07 17:51:38,866][HYDRA] 	#92 : defense.params.beta=2.6359573349080567 defense=fisher_trace task=gaussian_linear eval_rob.eps=2.0 model=maf_pyro train.N_train=100000 train.N_test=10000 run_eval_approx=False sweeper.objective=['rob_value','test_loss'] +experiment=sweep_gl
[2023-05-07 17:51:38,872][HYDRA] 	#93 : defense.params.beta=14.326544110738588 defense=fisher_trace task=gaussian_linear eval_rob.eps=2.0 model=maf_pyro train.N_train=100000 train.N_test=10000 run_eval_approx=False sweeper.objective=['rob_value','test_loss'] +experiment=sweep_gl
[2023-05-07 17:51:38,878][HYDRA] 	#94 : defense.params.beta=5.788121930003412 defense=fisher_trace task=gaussian_linear eval_rob.eps=2.0 model=maf_pyro train.N_train=100000 train.N_test=10000 run_eval_approx=False sweeper.objective=['rob_value','test_loss'] +experiment=sweep_gl
[2023-05-07 17:51:38,884][HYDRA] 	#95 : defense.params.beta=3.6638273218232 defense=fisher_trace task=gaussian_linear eval_rob.eps=2.0 model=maf_pyro train.N_train=100000 train.N_test=10000 run_eval_approx=False sweeper.objective=['rob_value','test_loss'] +experiment=sweep_gl
[2023-05-07 17:51:38,890][HYDRA] 	#96 : defense.params.beta=11.730258737550368 defense=fisher_trace task=gaussian_linear eval_rob.eps=2.0 model=maf_pyro train.N_train=100000 train.N_test=10000 run_eval_approx=False sweeper.objective=['rob_value','test_loss'] +experiment=sweep_gl
[2023-05-07 17:51:38,895][HYDRA] 	#97 : defense.params.beta=0.40215102173911643 defense=fisher_trace task=gaussian_linear eval_rob.eps=2.0 model=maf_pyro train.N_train=100000 train.N_test=10000 run_eval_approx=False sweeper.objective=['rob_value','test_loss'] +experiment=sweep_gl
[2023-05-07 17:51:38,901][HYDRA] 	#98 : defense.params.beta=16.57880060145326 defense=fisher_trace task=gaussian_linear eval_rob.eps=2.0 model=maf_pyro train.N_train=100000 train.N_test=10000 run_eval_approx=False sweeper.objective=['rob_value','test_loss'] +experiment=sweep_gl
[2023-05-07 17:51:38,907][HYDRA] 	#99 : defense.params.beta=0.09390962338139369 defense=fisher_trace task=gaussian_linear eval_rob.eps=2.0 model=maf_pyro train.N_train=100000 train.N_test=10000 run_eval_approx=False sweeper.objective=['rob_value','test_loss'] +experiment=sweep_gl
[2023-05-08 00:40:34,418][HYDRA] Submitit 'slurm' sweep output dir : /mnt/qb/macke/mgloeckler90/RBI_paper_final/outputs/2023-05-07/14-10-17
[2023-05-08 00:40:34,602][HYDRA] 	#100 : defense.params.beta=13.556330768142947 defense=fisher_trace task=gaussian_linear eval_rob.eps=2.0 model=maf_pyro train.N_train=100000 train.N_test=10000 run_eval_approx=False sweeper.objective=['rob_value','test_loss'] +experiment=sweep_gl
[2023-05-08 00:40:34,608][HYDRA] 	#101 : defense.params.beta=5.4001595368425 defense=fisher_trace task=gaussian_linear eval_rob.eps=2.0 model=maf_pyro train.N_train=100000 train.N_test=10000 run_eval_approx=False sweeper.objective=['rob_value','test_loss'] +experiment=sweep_gl
[2023-05-08 00:40:34,615][HYDRA] 	#102 : defense.params.beta=14.703880468932494 defense=fisher_trace task=gaussian_linear eval_rob.eps=2.0 model=maf_pyro train.N_train=100000 train.N_test=10000 run_eval_approx=False sweeper.objective=['rob_value','test_loss'] +experiment=sweep_gl
[2023-05-08 00:40:34,620][HYDRA] 	#103 : defense.params.beta=19.24377090612991 defense=fisher_trace task=gaussian_linear eval_rob.eps=2.0 model=maf_pyro train.N_train=100000 train.N_test=10000 run_eval_approx=False sweeper.objective=['rob_value','test_loss'] +experiment=sweep_gl
[2023-05-08 00:40:34,626][HYDRA] 	#104 : defense.params.beta=4.975062945523846 defense=fisher_trace task=gaussian_linear eval_rob.eps=2.0 model=maf_pyro train.N_train=100000 train.N_test=10000 run_eval_approx=False sweeper.objective=['rob_value','test_loss'] +experiment=sweep_gl
[2023-05-08 00:40:34,632][HYDRA] 	#105 : defense.params.beta=11.523146730741002 defense=fisher_trace task=gaussian_linear eval_rob.eps=2.0 model=maf_pyro train.N_train=100000 train.N_test=10000 run_eval_approx=False sweeper.objective=['rob_value','test_loss'] +experiment=sweep_gl
[2023-05-08 00:40:34,637][HYDRA] 	#106 : defense.params.beta=11.840838666232585 defense=fisher_trace task=gaussian_linear eval_rob.eps=2.0 model=maf_pyro train.N_train=100000 train.N_test=10000 run_eval_approx=False sweeper.objective=['rob_value','test_loss'] +experiment=sweep_gl
[2023-05-08 00:40:34,643][HYDRA] 	#107 : defense.params.beta=11.445038158592276 defense=fisher_trace task=gaussian_linear eval_rob.eps=2.0 model=maf_pyro train.N_train=100000 train.N_test=10000 run_eval_approx=False sweeper.objective=['rob_value','test_loss'] +experiment=sweep_gl
[2023-05-08 00:40:34,649][HYDRA] 	#108 : defense.params.beta=4.461632730504203 defense=fisher_trace task=gaussian_linear eval_rob.eps=2.0 model=maf_pyro train.N_train=100000 train.N_test=10000 run_eval_approx=False sweeper.objective=['rob_value','test_loss'] +experiment=sweep_gl
[2023-05-08 00:40:34,654][HYDRA] 	#109 : defense.params.beta=19.0549802350648 defense=fisher_trace task=gaussian_linear eval_rob.eps=2.0 model=maf_pyro train.N_train=100000 train.N_test=10000 run_eval_approx=False sweeper.objective=['rob_value','test_loss'] +experiment=sweep_gl
[2023-05-08 00:40:34,661][HYDRA] 	#110 : defense.params.beta=8.942507627640008 defense=fisher_trace task=gaussian_linear eval_rob.eps=2.0 model=maf_pyro train.N_train=100000 train.N_test=10000 run_eval_approx=False sweeper.objective=['rob_value','test_loss'] +experiment=sweep_gl
[2023-05-08 00:40:34,666][HYDRA] 	#111 : defense.params.beta=16.92817346478169 defense=fisher_trace task=gaussian_linear eval_rob.eps=2.0 model=maf_pyro train.N_train=100000 train.N_test=10000 run_eval_approx=False sweeper.objective=['rob_value','test_loss'] +experiment=sweep_gl
[2023-05-08 00:40:34,672][HYDRA] 	#112 : defense.params.beta=13.989585536402156 defense=fisher_trace task=gaussian_linear eval_rob.eps=2.0 model=maf_pyro train.N_train=100000 train.N_test=10000 run_eval_approx=False sweeper.objective=['rob_value','test_loss'] +experiment=sweep_gl
[2023-05-08 00:40:34,678][HYDRA] 	#113 : defense.params.beta=5.9487390873589785 defense=fisher_trace task=gaussian_linear eval_rob.eps=2.0 model=maf_pyro train.N_train=100000 train.N_test=10000 run_eval_approx=False sweeper.objective=['rob_value','test_loss'] +experiment=sweep_gl
[2023-05-08 00:40:34,683][HYDRA] 	#114 : defense.params.beta=16.275956412669764 defense=fisher_trace task=gaussian_linear eval_rob.eps=2.0 model=maf_pyro train.N_train=100000 train.N_test=10000 run_eval_approx=False sweeper.objective=['rob_value','test_loss'] +experiment=sweep_gl
[2023-05-08 00:40:34,689][HYDRA] 	#115 : defense.params.beta=7.930114877289118 defense=fisher_trace task=gaussian_linear eval_rob.eps=2.0 model=maf_pyro train.N_train=100000 train.N_test=10000 run_eval_approx=False sweeper.objective=['rob_value','test_loss'] +experiment=sweep_gl
[2023-05-08 00:40:34,694][HYDRA] 	#116 : defense.params.beta=17.622063954112914 defense=fisher_trace task=gaussian_linear eval_rob.eps=2.0 model=maf_pyro train.N_train=100000 train.N_test=10000 run_eval_approx=False sweeper.objective=['rob_value','test_loss'] +experiment=sweep_gl
[2023-05-08 00:40:34,701][HYDRA] 	#117 : defense.params.beta=11.625457494589885 defense=fisher_trace task=gaussian_linear eval_rob.eps=2.0 model=maf_pyro train.N_train=100000 train.N_test=10000 run_eval_approx=False sweeper.objective=['rob_value','test_loss'] +experiment=sweep_gl
[2023-05-08 00:40:34,706][HYDRA] 	#118 : defense.params.beta=17.63470724892352 defense=fisher_trace task=gaussian_linear eval_rob.eps=2.0 model=maf_pyro train.N_train=100000 train.N_test=10000 run_eval_approx=False sweeper.objective=['rob_value','test_loss'] +experiment=sweep_gl
[2023-05-08 00:40:34,712][HYDRA] 	#119 : defense.params.beta=13.850631832302158 defense=fisher_trace task=gaussian_linear eval_rob.eps=2.0 model=maf_pyro train.N_train=100000 train.N_test=10000 run_eval_approx=False sweeper.objective=['rob_value','test_loss'] +experiment=sweep_gl
[2023-05-08 01:43:13,394][HYDRA] Submitit 'slurm' sweep output dir : /mnt/qb/macke/mgloeckler90/RBI_paper_final/outputs/2023-05-07/14-10-17
[2023-05-08 01:43:13,398][HYDRA] 	#120 : defense.params.beta=14.50508562386738 defense=fisher_trace task=gaussian_linear eval_rob.eps=2.0 model=maf_pyro train.N_train=100000 train.N_test=10000 run_eval_approx=False sweeper.objective=['rob_value','test_loss'] +experiment=sweep_gl
[2023-05-08 01:43:13,405][HYDRA] 	#121 : defense.params.beta=10.026487688401605 defense=fisher_trace task=gaussian_linear eval_rob.eps=2.0 model=maf_pyro train.N_train=100000 train.N_test=10000 run_eval_approx=False sweeper.objective=['rob_value','test_loss'] +experiment=sweep_gl
[2023-05-08 01:43:13,411][HYDRA] 	#122 : defense.params.beta=19.121672698856113 defense=fisher_trace task=gaussian_linear eval_rob.eps=2.0 model=maf_pyro train.N_train=100000 train.N_test=10000 run_eval_approx=False sweeper.objective=['rob_value','test_loss'] +experiment=sweep_gl
[2023-05-08 01:43:13,417][HYDRA] 	#123 : defense.params.beta=12.879804020193728 defense=fisher_trace task=gaussian_linear eval_rob.eps=2.0 model=maf_pyro train.N_train=100000 train.N_test=10000 run_eval_approx=False sweeper.objective=['rob_value','test_loss'] +experiment=sweep_gl
[2023-05-08 01:43:13,422][HYDRA] 	#124 : defense.params.beta=8.477101028778087 defense=fisher_trace task=gaussian_linear eval_rob.eps=2.0 model=maf_pyro train.N_train=100000 train.N_test=10000 run_eval_approx=False sweeper.objective=['rob_value','test_loss'] +experiment=sweep_gl
[2023-05-08 01:43:13,428][HYDRA] 	#125 : defense.params.beta=12.127864321919164 defense=fisher_trace task=gaussian_linear eval_rob.eps=2.0 model=maf_pyro train.N_train=100000 train.N_test=10000 run_eval_approx=False sweeper.objective=['rob_value','test_loss'] +experiment=sweep_gl
[2023-05-08 01:43:13,434][HYDRA] 	#126 : defense.params.beta=0.38386406426735065 defense=fisher_trace task=gaussian_linear eval_rob.eps=2.0 model=maf_pyro train.N_train=100000 train.N_test=10000 run_eval_approx=False sweeper.objective=['rob_value','test_loss'] +experiment=sweep_gl
[2023-05-08 01:43:13,440][HYDRA] 	#127 : defense.params.beta=6.031496403333505 defense=fisher_trace task=gaussian_linear eval_rob.eps=2.0 model=maf_pyro train.N_train=100000 train.N_test=10000 run_eval_approx=False sweeper.objective=['rob_value','test_loss'] +experiment=sweep_gl
[2023-05-08 01:43:13,445][HYDRA] 	#128 : defense.params.beta=13.203470783836346 defense=fisher_trace task=gaussian_linear eval_rob.eps=2.0 model=maf_pyro train.N_train=100000 train.N_test=10000 run_eval_approx=False sweeper.objective=['rob_value','test_loss'] +experiment=sweep_gl
[2023-05-08 01:43:13,451][HYDRA] 	#129 : defense.params.beta=5.801552215201121 defense=fisher_trace task=gaussian_linear eval_rob.eps=2.0 model=maf_pyro train.N_train=100000 train.N_test=10000 run_eval_approx=False sweeper.objective=['rob_value','test_loss'] +experiment=sweep_gl
[2023-05-08 01:43:13,457][HYDRA] 	#130 : defense.params.beta=12.360308618175287 defense=fisher_trace task=gaussian_linear eval_rob.eps=2.0 model=maf_pyro train.N_train=100000 train.N_test=10000 run_eval_approx=False sweeper.objective=['rob_value','test_loss'] +experiment=sweep_gl
[2023-05-08 01:43:13,462][HYDRA] 	#131 : defense.params.beta=8.575374076038452 defense=fisher_trace task=gaussian_linear eval_rob.eps=2.0 model=maf_pyro train.N_train=100000 train.N_test=10000 run_eval_approx=False sweeper.objective=['rob_value','test_loss'] +experiment=sweep_gl
[2023-05-08 01:43:13,468][HYDRA] 	#132 : defense.params.beta=2.7094813709015977 defense=fisher_trace task=gaussian_linear eval_rob.eps=2.0 model=maf_pyro train.N_train=100000 train.N_test=10000 run_eval_approx=False sweeper.objective=['rob_value','test_loss'] +experiment=sweep_gl
[2023-05-08 01:43:13,473][HYDRA] 	#133 : defense.params.beta=5.9656465892923825 defense=fisher_trace task=gaussian_linear eval_rob.eps=2.0 model=maf_pyro train.N_train=100000 train.N_test=10000 run_eval_approx=False sweeper.objective=['rob_value','test_loss'] +experiment=sweep_gl
[2023-05-08 01:43:13,479][HYDRA] 	#134 : defense.params.beta=11.399298257028805 defense=fisher_trace task=gaussian_linear eval_rob.eps=2.0 model=maf_pyro train.N_train=100000 train.N_test=10000 run_eval_approx=False sweeper.objective=['rob_value','test_loss'] +experiment=sweep_gl
[2023-05-08 01:43:13,485][HYDRA] 	#135 : defense.params.beta=11.817455265876188 defense=fisher_trace task=gaussian_linear eval_rob.eps=2.0 model=maf_pyro train.N_train=100000 train.N_test=10000 run_eval_approx=False sweeper.objective=['rob_value','test_loss'] +experiment=sweep_gl
[2023-05-08 01:43:13,490][HYDRA] 	#136 : defense.params.beta=11.48650501955905 defense=fisher_trace task=gaussian_linear eval_rob.eps=2.0 model=maf_pyro train.N_train=100000 train.N_test=10000 run_eval_approx=False sweeper.objective=['rob_value','test_loss'] +experiment=sweep_gl
[2023-05-08 01:43:13,496][HYDRA] 	#137 : defense.params.beta=13.064016431822589 defense=fisher_trace task=gaussian_linear eval_rob.eps=2.0 model=maf_pyro train.N_train=100000 train.N_test=10000 run_eval_approx=False sweeper.objective=['rob_value','test_loss'] +experiment=sweep_gl
[2023-05-08 01:43:13,501][HYDRA] 	#138 : defense.params.beta=13.04206543482345 defense=fisher_trace task=gaussian_linear eval_rob.eps=2.0 model=maf_pyro train.N_train=100000 train.N_test=10000 run_eval_approx=False sweeper.objective=['rob_value','test_loss'] +experiment=sweep_gl
[2023-05-08 01:43:13,507][HYDRA] 	#139 : defense.params.beta=8.628368765537635 defense=fisher_trace task=gaussian_linear eval_rob.eps=2.0 model=maf_pyro train.N_train=100000 train.N_test=10000 run_eval_approx=False sweeper.objective=['rob_value','test_loss'] +experiment=sweep_gl
[2023-05-08 10:40:53,470][HYDRA] Submitit 'slurm' sweep output dir : /mnt/qb/macke/mgloeckler90/RBI_paper_final/outputs/2023-05-07/14-10-17
[2023-05-08 10:40:53,475][HYDRA] 	#140 : defense.params.beta=17.9309319273666 defense=fisher_trace task=gaussian_linear eval_rob.eps=2.0 model=maf_pyro train.N_train=100000 train.N_test=10000 run_eval_approx=False sweeper.objective=['rob_value','test_loss'] +experiment=sweep_gl
[2023-05-08 10:40:53,482][HYDRA] 	#141 : defense.params.beta=7.351237464201743 defense=fisher_trace task=gaussian_linear eval_rob.eps=2.0 model=maf_pyro train.N_train=100000 train.N_test=10000 run_eval_approx=False sweeper.objective=['rob_value','test_loss'] +experiment=sweep_gl
[2023-05-08 10:40:53,488][HYDRA] 	#142 : defense.params.beta=8.717298561726043 defense=fisher_trace task=gaussian_linear eval_rob.eps=2.0 model=maf_pyro train.N_train=100000 train.N_test=10000 run_eval_approx=False sweeper.objective=['rob_value','test_loss'] +experiment=sweep_gl
[2023-05-08 10:40:53,493][HYDRA] 	#143 : defense.params.beta=17.83846711112111 defense=fisher_trace task=gaussian_linear eval_rob.eps=2.0 model=maf_pyro train.N_train=100000 train.N_test=10000 run_eval_approx=False sweeper.objective=['rob_value','test_loss'] +experiment=sweep_gl
[2023-05-08 10:40:53,499][HYDRA] 	#144 : defense.params.beta=16.123879800302316 defense=fisher_trace task=gaussian_linear eval_rob.eps=2.0 model=maf_pyro train.N_train=100000 train.N_test=10000 run_eval_approx=False sweeper.objective=['rob_value','test_loss'] +experiment=sweep_gl
[2023-05-08 10:40:53,506][HYDRA] 	#145 : defense.params.beta=14.077771700418467 defense=fisher_trace task=gaussian_linear eval_rob.eps=2.0 model=maf_pyro train.N_train=100000 train.N_test=10000 run_eval_approx=False sweeper.objective=['rob_value','test_loss'] +experiment=sweep_gl
[2023-05-08 10:40:53,512][HYDRA] 	#146 : defense.params.beta=2.0045378362233333 defense=fisher_trace task=gaussian_linear eval_rob.eps=2.0 model=maf_pyro train.N_train=100000 train.N_test=10000 run_eval_approx=False sweeper.objective=['rob_value','test_loss'] +experiment=sweep_gl
[2023-05-08 10:40:53,518][HYDRA] 	#147 : defense.params.beta=18.38965228294521 defense=fisher_trace task=gaussian_linear eval_rob.eps=2.0 model=maf_pyro train.N_train=100000 train.N_test=10000 run_eval_approx=False sweeper.objective=['rob_value','test_loss'] +experiment=sweep_gl
[2023-05-08 10:40:53,523][HYDRA] 	#148 : defense.params.beta=14.284826019558096 defense=fisher_trace task=gaussian_linear eval_rob.eps=2.0 model=maf_pyro train.N_train=100000 train.N_test=10000 run_eval_approx=False sweeper.objective=['rob_value','test_loss'] +experiment=sweep_gl
[2023-05-08 10:40:53,529][HYDRA] 	#149 : defense.params.beta=19.97694013147263 defense=fisher_trace task=gaussian_linear eval_rob.eps=2.0 model=maf_pyro train.N_train=100000 train.N_test=10000 run_eval_approx=False sweeper.objective=['rob_value','test_loss'] +experiment=sweep_gl
[2023-05-08 10:40:53,535][HYDRA] 	#150 : defense.params.beta=2.988966178215044 defense=fisher_trace task=gaussian_linear eval_rob.eps=2.0 model=maf_pyro train.N_train=100000 train.N_test=10000 run_eval_approx=False sweeper.objective=['rob_value','test_loss'] +experiment=sweep_gl
[2023-05-08 10:40:53,541][HYDRA] 	#151 : defense.params.beta=17.36252116055168 defense=fisher_trace task=gaussian_linear eval_rob.eps=2.0 model=maf_pyro train.N_train=100000 train.N_test=10000 run_eval_approx=False sweeper.objective=['rob_value','test_loss'] +experiment=sweep_gl
[2023-05-08 10:40:53,547][HYDRA] 	#152 : defense.params.beta=3.249858777278203 defense=fisher_trace task=gaussian_linear eval_rob.eps=2.0 model=maf_pyro train.N_train=100000 train.N_test=10000 run_eval_approx=False sweeper.objective=['rob_value','test_loss'] +experiment=sweep_gl
[2023-05-08 10:40:53,553][HYDRA] 	#153 : defense.params.beta=12.311191324120927 defense=fisher_trace task=gaussian_linear eval_rob.eps=2.0 model=maf_pyro train.N_train=100000 train.N_test=10000 run_eval_approx=False sweeper.objective=['rob_value','test_loss'] +experiment=sweep_gl
[2023-05-08 10:40:53,559][HYDRA] 	#154 : defense.params.beta=2.4763997446068315 defense=fisher_trace task=gaussian_linear eval_rob.eps=2.0 model=maf_pyro train.N_train=100000 train.N_test=10000 run_eval_approx=False sweeper.objective=['rob_value','test_loss'] +experiment=sweep_gl
[2023-05-08 10:40:53,565][HYDRA] 	#155 : defense.params.beta=16.960164601643864 defense=fisher_trace task=gaussian_linear eval_rob.eps=2.0 model=maf_pyro train.N_train=100000 train.N_test=10000 run_eval_approx=False sweeper.objective=['rob_value','test_loss'] +experiment=sweep_gl
[2023-05-08 10:40:53,571][HYDRA] 	#156 : defense.params.beta=16.14637919376832 defense=fisher_trace task=gaussian_linear eval_rob.eps=2.0 model=maf_pyro train.N_train=100000 train.N_test=10000 run_eval_approx=False sweeper.objective=['rob_value','test_loss'] +experiment=sweep_gl
[2023-05-08 10:40:53,577][HYDRA] 	#157 : defense.params.beta=11.38201481538179 defense=fisher_trace task=gaussian_linear eval_rob.eps=2.0 model=maf_pyro train.N_train=100000 train.N_test=10000 run_eval_approx=False sweeper.objective=['rob_value','test_loss'] +experiment=sweep_gl
[2023-05-08 10:40:53,582][HYDRA] 	#158 : defense.params.beta=8.143666003801663 defense=fisher_trace task=gaussian_linear eval_rob.eps=2.0 model=maf_pyro train.N_train=100000 train.N_test=10000 run_eval_approx=False sweeper.objective=['rob_value','test_loss'] +experiment=sweep_gl
[2023-05-08 10:40:53,589][HYDRA] 	#159 : defense.params.beta=1.3833400021860613 defense=fisher_trace task=gaussian_linear eval_rob.eps=2.0 model=maf_pyro train.N_train=100000 train.N_test=10000 run_eval_approx=False sweeper.objective=['rob_value','test_loss'] +experiment=sweep_gl
